

================================================================
== Synthesis Summary Report of 'matrixmul'
================================================================
+ General Information: 
    * Date:           Thu Aug  8 11:44:06 2024
    * Version:        2023.2.2 (Build 4101106 on Feb  9 2024)
    * Project:        Matrix_Multiplication
    * Solution:       Loop_Unroll (Vivado IP Flow Target)
    * Product family: spartan7
    * Target device:  xc7s75-fgga676-1
    

+ Performance & Resource Estimates: 
    
    PS: '+' for module; 'o' for loop; '*' for dataflow
    +-------------+------+------+---------+--------+----------+---------+------+----------+------+--------+-----------+-----------+-----+
    |   Modules   | Issue|      | Latency | Latency| Iteration|         | Trip |          |      |        |           |           |     |
    |   & Loops   | Type | Slack| (cycles)|  (ns)  |  Latency | Interval| Count| Pipelined| BRAM |   DSP  |     FF    |    LUT    | URAM|
    +-------------+------+------+---------+--------+----------+---------+------+----------+------+--------+-----------+-----------+-----+
    |+ matrixmul  |     -|  0.09|       12|  36.000|         -|       13|     -|        no|     -|  8 (5%)|  173 (~0%)|  185 (~0%)|    -|
    +-------------+------+------+---------+--------+----------+---------+------+----------+------+--------+-----------+-----------+-----+


================================================================
== HW Interfaces
================================================================
* AP_MEMORY
+--------------+-----------+----------+
| Port         | Direction | Bitwidth |
+--------------+-----------+----------+
| a_address0   | out       | 2        |
| a_address1   | out       | 2        |
| a_q0         | in        | 8        |
| a_q1         | in        | 8        |
| b_address0   | out       | 2        |
| b_address1   | out       | 2        |
| b_q0         | in        | 8        |
| b_q1         | in        | 8        |
| res_address0 | out       | 2        |
| res_address1 | out       | 2        |
| res_d0       | out       | 16       |
| res_d1       | out       | 16       |
+--------------+-----------+----------+

* TOP LEVEL CONTROL
+-----------+------------+-----------------------------------+
| Interface | Type       | Ports                             |
+-----------+------------+-----------------------------------+
| ap_clk    | clock      | ap_clk                            |
| ap_rst    | reset      | ap_rst                            |
| ap_ctrl   | ap_ctrl_hs | ap_done ap_idle ap_ready ap_start |
+-----------+------------+-----------------------------------+


================================================================
== SW I/O Information
================================================================
* Top Function Arguments
+----------+-----------+-----------------+
| Argument | Direction | Datatype        |
+----------+-----------+-----------------+
| a        | in        | unsigned char*  |
| b        | in        | unsigned char*  |
| res      | out       | unsigned short* |
+----------+-----------+-----------------+

* SW-to-HW Mapping
+----------+--------------+---------+----------+
| Argument | HW Interface | HW Type | HW Usage |
+----------+--------------+---------+----------+
| a        | a_address0   | port    | offset   |
| a        | a_ce0        | port    |          |
| a        | a_q0         | port    |          |
| a        | a_address1   | port    | offset   |
| a        | a_ce1        | port    |          |
| a        | a_q1         | port    |          |
| b        | b_address0   | port    | offset   |
| b        | b_ce0        | port    |          |
| b        | b_q0         | port    |          |
| b        | b_address1   | port    | offset   |
| b        | b_ce1        | port    |          |
| b        | b_q1         | port    |          |
| res      | res_address0 | port    | offset   |
| res      | res_ce0      | port    |          |
| res      | res_we0      | port    |          |
| res      | res_d0       | port    |          |
| res      | res_address1 | port    | offset   |
| res      | res_ce1      | port    |          |
| res      | res_we1      | port    |          |
| res      | res_d1       | port    |          |
+----------+--------------+---------+----------+


================================================================
== Bind Op Report
================================================================
+-------------------------------------+-----+--------+------------+-----+-----------+---------+
| Name                                | DSP | Pragma | Variable   | Op  | Impl      | Latency |
+-------------------------------------+-----+--------+------------+-----+-----------+---------+
| + matrixmul                         | 8   |        |            |     |           |         |
|   mac_muladd_8ns_8ns_16ns_16_4_1_U5 | 1   |        | mul_ln60   | mul | dsp_slice | 3       |
|   mul_8ns_8ns_16_4_1_U1             | 1   |        | mul_ln60_1 | mul | dsp       | 3       |
|   mac_muladd_8ns_8ns_16ns_16_4_1_U5 | 1   |        | add_ln60   | add | dsp_slice | 3       |
|   mac_muladd_8ns_8ns_16ns_16_4_1_U6 | 1   |        | mul_ln60_2 | mul | dsp_slice | 3       |
|   mul_8ns_8ns_16_4_1_U2             | 1   |        | mul_ln60_3 | mul | dsp       | 3       |
|   mac_muladd_8ns_8ns_16ns_16_4_1_U6 | 1   |        | add_ln60_1 | add | dsp_slice | 3       |
|   mac_muladd_8ns_8ns_16ns_16_4_1_U7 | 1   |        | mul_ln60_4 | mul | dsp_slice | 3       |
|   mul_8ns_8ns_16_4_1_U3             | 1   |        | mul_ln60_5 | mul | dsp       | 3       |
|   mac_muladd_8ns_8ns_16ns_16_4_1_U7 | 1   |        | add_ln60_2 | add | dsp_slice | 3       |
|   mac_muladd_8ns_8ns_16ns_16_4_1_U8 | 1   |        | mul_ln60_6 | mul | dsp_slice | 3       |
|   mul_8ns_8ns_16_4_1_U4             | 1   |        | mul_ln60_7 | mul | dsp       | 3       |
|   mac_muladd_8ns_8ns_16ns_16_4_1_U8 | 1   |        | add_ln60_3 | add | dsp_slice | 3       |
+-------------------------------------+-----+--------+------------+-----+-----------+---------+


================================================================
== Storage Report
================================================================
  No bind storage info in design

================================================================
== Pragma Report
================================================================
* Valid Pragma Syntax
+--------+---------+------------------------------------------------------------------+
| Type   | Options | Location                                                         |
+--------+---------+------------------------------------------------------------------+
| unroll |         | Matrix_Multiplication/Loop_Unroll/directives.tcl:8 in matrixmul  |
| unroll |         | Matrix_Multiplication/Loop_Unroll/directives.tcl:9 in matrixmul  |
| unroll |         | Matrix_Multiplication/Loop_Unroll/directives.tcl:10 in matrixmul |
+--------+---------+------------------------------------------------------------------+


