Vivado Simulator v2023.2.2
Copyright 1986-2022 Xilinx, Inc. All Rights Reserved.
Copyright 2022-2023 Advanced Micro Devices, Inc. All Rights Reserved.
Running: /Xilinx/Vivado/2023.2/bin/unwrapped/lnx64.o/xelab --incr --debug typical --relax --mt 8 --maxdelay -L xil_defaultlib -L simprims_ver -L secureip --snapshot tb_Button_FSM_time_impl -transport_int_delays -pulse_r 0 -pulse_int_r 0 -pulse_e 0 -pulse_int_e 0 xil_defaultlib.tb_Button_FSM xil_defaultlib.glbl -log elaborate.log 
Using 8 slave threads.
Starting static elaboration
Pass Through NonSizing Optimizer
Completed static elaboration
Starting simulation data flow analysis
Completed simulation data flow analysis
INFO: [XSIM 43-3451] SDF backannotation process started with SDF file "tb_Button_FSM_time_impl.sdf", for root module "tb_Button_FSM/dut".
INFO: [XSIM 43-3452] SDF backannotation was successful for SDF file "tb_Button_FSM_time_impl.sdf", for root module "tb_Button_FSM/dut".
Time Resolution for simulation is 1ps
Compiling package std.standard
Compiling package std.textio
Compiling package ieee.std_logic_1164
Compiling package vl.vl_types
Compiling module xil_defaultlib.glbl
Compiling module simprims_ver.IBUF
Compiling module simprims_ver.BUFG
Compiling module simprims_ver.x_lut1_mux2
Compiling module simprims_ver.LUT1(INIT=2'b01)
Compiling module simprims_ver.x_lut2_mux4
Compiling module simprims_ver.LUT2(INIT=4'b0110)
Compiling module simprims_ver.x_lut3_mux8
Compiling module simprims_ver.LUT3
Compiling module simprims_ver.LUT4
Compiling module simprims_ver.FDCE_default
Compiling module simprims_ver.LUT6(INIT=64'b010000000000000000...
Compiling module simprims_ver.OBUF
Compiling module xil_defaultlib.Button_FSM
Compiling architecture tb of entity xil_defaultlib.tb_button_fsm
Built simulation snapshot tb_Button_FSM_time_impl
