Vivado Simulator v2023.2.2
Copyright 1986-2022 Xilinx, Inc. All Rights Reserved.
Copyright 2022-2023 Advanced Micro Devices, Inc. All Rights Reserved.
Running: /Xilinx/Vivado/2023.2/bin/unwrapped/lnx64.o/xelab --incr --debug typical --relax --mt 8 -L xil_defaultlib -L xbip_utils_v3_0_12 -L xbip_pipe_v3_0_8 -L xbip_bram18k_v3_0_8 -L mult_gen_v12_0_20 -L secureip -L xpm --snapshot tb_Multiplier_Pipeline_behav xil_defaultlib.tb_Multiplier_Pipeline -log elaborate.log 
Using 8 slave threads.
Starting static elaboration
Completed static elaboration
Starting simulation data flow analysis
Completed simulation data flow analysis
Time Resolution for simulation is 1ps
Compiling package std.standard
Compiling package std.textio
Compiling package ieee.std_logic_1164
Compiling package ieee.numeric_std
Compiling package xbip_utils_v3_0_12.xbip_utils_v3_0_12_pkg
Compiling package mult_gen_v12_0_20.mult_gen_v12_0_20_viv_comp
Compiling package mult_gen_v12_0_20.mult_gen_v12_0_20_pkg
Compiling package ieee.std_logic_arith
Compiling package ieee.std_logic_signed
Compiling package unisim.vcomponents
Compiling package ieee.std_logic_unsigned
Compiling package ieee.vital_timing
Compiling package ieee.vital_primitives
Compiling package unisim.vpkg
Compiling architecture lut2_v of entity unisim.LUT2 [\LUT2(init="1000")(0,3)\]
Compiling architecture mult_and_v of entity unisim.MULT_AND [mult_and_default]
Compiling architecture muxcy_v of entity unisim.MUXCY [muxcy_default]
Compiling architecture xorcy_v of entity unisim.XORCY [xorcy_default]
Compiling architecture xilinx of entity mult_gen_v12_0_20.op_resize [\op_resize(ai_width=32,bi_width=...]
Compiling architecture xilinx of entity mult_gen_v12_0_20.luts [\luts(c_xdevicefamily="artix7",c...]
Compiling architecture xilinx of entity mult_gen_v12_0_20.mult_gen_v12_0_20_viv [\mult_gen_v12_0_20_viv(c_verbosi...]
Compiling architecture xilinx of entity mult_gen_v12_0_20.mult_gen_v12_0_20 [\mult_gen_v12_0_20(c_xdevicefami...]
Compiling architecture multiplier_arch of entity xil_defaultlib.Multiplier [multiplier_default]
Compiling architecture multiplier_32b of entity xil_defaultlib.Multiplier_Pipeline [multiplier_pipeline_default]
Compiling architecture tb of entity xil_defaultlib.tb_multiplier_pipeline
Built simulation snapshot tb_Multiplier_Pipeline_behav
