/home/pllima0909/Documents/Git/INF01175-Digital-Systems/P10_-_HLS/Matrix_Multiplication/Parallel_Inputs/directives.tcl:11:9: warning: HLS pragma dump _XLX_SEP_ PragmaIsValid=1_XLX_SEP_ PragmaType=array_reshape_XLX_SEP_ PragmaContext=directive_XLX_SEP_ PragmaFunction=matrixmul_XLX_SEP_ PragmaOptions=complete dim=0 variable=a_XLX_SEP_ [-Wdump-hls-pragmas]
#pragma HLSDIRECTIVE ARRAY_RESHAPE complete dim=0 variable=a
        ^
/home/pllima0909/Documents/Git/INF01175-Digital-Systems/P10_-_HLS/Matrix_Multiplication/Parallel_Inputs/directives.tcl:12:9: warning: HLS pragma dump _XLX_SEP_ PragmaIsValid=1_XLX_SEP_ PragmaType=array_reshape_XLX_SEP_ PragmaContext=directive_XLX_SEP_ PragmaFunction=matrixmul_XLX_SEP_ PragmaOptions=complete dim=0 variable=b_XLX_SEP_ [-Wdump-hls-pragmas]
#pragma HLSDIRECTIVE ARRAY_RESHAPE complete dim=0 variable=b
        ^
/home/pllima0909/Documents/Git/INF01175-Digital-Systems/P10_-_HLS/Matrix_Multiplication/Parallel_Inputs/directives.tcl:13:9: warning: HLS pragma dump _XLX_SEP_ PragmaIsValid=1_XLX_SEP_ PragmaType=array_reshape_XLX_SEP_ PragmaContext=directive_XLX_SEP_ PragmaFunction=matrixmul_XLX_SEP_ PragmaOptions=complete dim=0 variable=res_XLX_SEP_ [-Wdump-hls-pragmas]
#pragma HLSDIRECTIVE ARRAY_RESHAPE complete dim=0 variable=res
        ^
/home/pllima0909/Documents/Git/INF01175-Digital-Systems/P10_-_HLS/Matrix_Multiplication/Parallel_Inputs/csynth.tcl:16:9: warning: HLS pragma dump _XLX_SEP_ PragmaIsValid=1_XLX_SEP_ PragmaType=top_XLX_SEP_ PragmaContext=directive_XLX_SEP_ PragmaFunction=matrixmul_XLX_SEP_ PragmaOptions=name=matrixmul_XLX_SEP_ [-Wdump-hls-pragmas]
#pragma HLSDIRECTIVE TOP name=matrixmul
        ^
/home/pllima0909/Documents/Git/INF01175-Digital-Systems/P10_-_HLS/Matrix_Multiplication/Parallel_Inputs/directives.tcl:7:9: warning: HLS pragma dump _XLX_SEP_ PragmaIsValid=1_XLX_SEP_ PragmaType=top_XLX_SEP_ PragmaContext=directive_XLX_SEP_ PragmaFunction=matrixmul_XLX_SEP_ PragmaOptions=name=matrixmul_XLX_SEP_ [-Wdump-hls-pragmas]
#pragma HLSDIRECTIVE TOP name=matrixmul
        ^
/home/pllima0909/Documents/Git/INF01175-Digital-Systems/P10_-_HLS/Matrix_Multiplication/Parallel_Inputs/directives.tcl:10:9: warning: HLS pragma dump _XLX_SEP_ PragmaIsValid=1_XLX_SEP_ PragmaType=unroll_XLX_SEP_ PragmaContext=directive_XLX_SEP_ PragmaFunction=matrixmul_XLX_SEP_ PragmaOptions=_XLX_SEP_ [-Wdump-hls-pragmas]
#pragma HLSDIRECTIVE UNROLL
        ^
/home/pllima0909/Documents/Git/INF01175-Digital-Systems/P10_-_HLS/Matrix_Multiplication/Parallel_Inputs/directives.tcl:9:9: warning: HLS pragma dump _XLX_SEP_ PragmaIsValid=1_XLX_SEP_ PragmaType=unroll_XLX_SEP_ PragmaContext=directive_XLX_SEP_ PragmaFunction=matrixmul_XLX_SEP_ PragmaOptions=_XLX_SEP_ [-Wdump-hls-pragmas]
#pragma HLSDIRECTIVE UNROLL
        ^
/home/pllima0909/Documents/Git/INF01175-Digital-Systems/P10_-_HLS/Matrix_Multiplication/Parallel_Inputs/directives.tcl:8:9: warning: HLS pragma dump _XLX_SEP_ PragmaIsValid=1_XLX_SEP_ PragmaType=unroll_XLX_SEP_ PragmaContext=directive_XLX_SEP_ PragmaFunction=matrixmul_XLX_SEP_ PragmaOptions=_XLX_SEP_ [-Wdump-hls-pragmas]
#pragma HLSDIRECTIVE UNROLL
        ^
8 warnings generated.
