Vivado Simulator v2023.2.2
Copyright 1986-2022 Xilinx, Inc. All Rights Reserved.
Copyright 2022-2023 Advanced Micro Devices, Inc. All Rights Reserved.
Running: /Xilinx/Vivado/2023.2/bin/unwrapped/lnx64.o/xelab --incr --debug typical --relax --mt 8 -L xil_defaultlib -L blk_mem_gen_v8_4_7 -L unisims_ver -L unimacro_ver -L secureip -L xpm --snapshot tb_Memory_FSM_behav xil_defaultlib.tb_Memory_FSM xil_defaultlib.glbl -log elaborate.log 
Using 8 slave threads.
Starting static elaboration
Pass Through NonSizing Optimizer
Completed static elaboration
Starting simulation data flow analysis
Completed simulation data flow analysis
Time Resolution for simulation is 1ps
Compiling package std.standard
Compiling package std.textio
Compiling package ieee.std_logic_1164
Compiling package ieee.numeric_std
Compiling package ieee.math_real
Compiling package vl.vl_types
Compiling module xil_defaultlib.glbl
Compiling module blk_mem_gen_v8_4_7.blk_mem_gen_v8_4_7_output_stage(...
Compiling module blk_mem_gen_v8_4_7.blk_mem_gen_v8_4_7_output_stage(...
Compiling module blk_mem_gen_v8_4_7.blk_mem_gen_v8_4_7_softecc_outpu...
Compiling module blk_mem_gen_v8_4_7.blk_mem_gen_v8_4_7_mem_module(C_...
Compiling module blk_mem_gen_v8_4_7.blk_mem_gen_v8_4_7(C_FAMILY="art...
Compiling module xil_defaultlib.BRAM
Compiling architecture odd_numbers_counter of entity xil_defaultlib.Memory_FSM [memory_fsm_default]
Compiling architecture tb of entity xil_defaultlib.tb_memory_fsm
Built simulation snapshot tb_Memory_FSM_behav
