
*** Running vivado
    with args -log Multiplier_Pipeline.vds -m64 -product Vivado -mode batch -messageDb vivado.pb -notrace -source Multiplier_Pipeline.tcl


****** Vivado v2023.2.2 (64-bit)
  **** SW Build 4126759 on Thu Feb  8 23:52:05 MST 2024
  **** IP Build 4126054 on Fri Feb  9 11:39:09 MST 2024
  **** SharedData Build 4115275 on Tue Jan 30 00:40:57 MST 2024
    ** Copyright 1986-2022 Xilinx, Inc. All Rights Reserved.
    ** Copyright 2022-2024 Advanced Micro Devices, Inc. All Rights Reserved.

source Multiplier_Pipeline.tcl -notrace
create_project: Time (s): cpu = 00:00:06 ; elapsed = 00:00:06 . Memory (MB): peak = 1317.375 ; gain = 0.023 ; free physical = 6517 ; free virtual = 12539
Command: read_checkpoint -auto_incremental -incremental /home/pllima0909/Documents/Git/INF01175-Digital-Systems/P08_-_Multiplier_Pipeline/P08_-_Multiplier_Pipeline.srcs/utils_1/imports/synth_1/Multiplier_Pipeline.dcp
INFO: [Vivado 12-5825] Read reference checkpoint from /home/pllima0909/Documents/Git/INF01175-Digital-Systems/P08_-_Multiplier_Pipeline/P08_-_Multiplier_Pipeline.srcs/utils_1/imports/synth_1/Multiplier_Pipeline.dcp for incremental synthesis
INFO: [Vivado 12-7989] Please ensure there are no constraint changes
Command: synth_design -top Multiplier_Pipeline -part xc7a12tcpg238-3
Starting synth_design
Attempting to get a license for feature 'Synthesis' and/or device 'xc7a12t'
INFO: [Common 17-349] Got license for feature 'Synthesis' and/or device 'xc7a12t'
INFO: [Device 21-403] Loading part xc7a12tcpg238-3
INFO: [Designutils 20-5440] No compile time benefit to using incremental synthesis; A full resynthesis will be run
INFO: [Designutils 20-4379] Flow is switching to default flow due to incremental criteria not met. If you would like to alter this behaviour and have the flow terminate instead, please set the following parameter config_implementation {autoIncr.Synth.RejectBehavior Terminate}
INFO: [Synth 8-7079] Multithreading enabled for synth_design using a maximum of 4 processes.
INFO: [Synth 8-7078] Launching helper process for spawning children vivado processes
INFO: [Synth 8-7075] Helper process launched with PID 10469
---------------------------------------------------------------------------------
Starting RTL Elaboration : Time (s): cpu = 00:00:03 ; elapsed = 00:00:03 . Memory (MB): peak = 2013.098 ; gain = 404.629 ; free physical = 5564 ; free virtual = 11586
---------------------------------------------------------------------------------
INFO: [Synth 8-638] synthesizing module 'Multiplier_Pipeline' [/home/pllima0909/Documents/Git/INF01175-Digital-Systems/P08_-_Multiplier_Pipeline/P08_-_Multiplier_Pipeline.srcs/sources_1/new/Multiplier_Pipeline.vhd:42]
INFO: [Synth 8-3491] module 'Multiplier' declared at '/home/pllima0909/Documents/Git/INF01175-Digital-Systems/P08_-_Multiplier_Pipeline/P08_-_Multiplier_Pipeline.runs/synth_1/.Xil/Vivado-10443-PLLima/realtime/Multiplier_stub.vhdl:6' bound to instance 'mult' of component 'Multiplier' [/home/pllima0909/Documents/Git/INF01175-Digital-Systems/P08_-_Multiplier_Pipeline/P08_-_Multiplier_Pipeline.srcs/sources_1/new/Multiplier_Pipeline.vhd:55]
INFO: [Synth 8-638] synthesizing module 'Multiplier' [/home/pllima0909/Documents/Git/INF01175-Digital-Systems/P08_-_Multiplier_Pipeline/P08_-_Multiplier_Pipeline.runs/synth_1/.Xil/Vivado-10443-PLLima/realtime/Multiplier_stub.vhdl:16]
INFO: [Synth 8-256] done synthesizing module 'Multiplier_Pipeline' (0#1) [/home/pllima0909/Documents/Git/INF01175-Digital-Systems/P08_-_Multiplier_Pipeline/P08_-_Multiplier_Pipeline.srcs/sources_1/new/Multiplier_Pipeline.vhd:42]
---------------------------------------------------------------------------------
Finished RTL Elaboration : Time (s): cpu = 00:00:04 ; elapsed = 00:00:05 . Memory (MB): peak = 2089.035 ; gain = 480.566 ; free physical = 5469 ; free virtual = 11491
---------------------------------------------------------------------------------
---------------------------------------------------------------------------------
Start Handling Custom Attributes
---------------------------------------------------------------------------------
---------------------------------------------------------------------------------
Finished Handling Custom Attributes : Time (s): cpu = 00:00:05 ; elapsed = 00:00:05 . Memory (MB): peak = 2106.848 ; gain = 498.379 ; free physical = 5467 ; free virtual = 11489
---------------------------------------------------------------------------------
---------------------------------------------------------------------------------
Finished RTL Optimization Phase 1 : Time (s): cpu = 00:00:05 ; elapsed = 00:00:05 . Memory (MB): peak = 2106.848 ; gain = 498.379 ; free physical = 5467 ; free virtual = 11489
---------------------------------------------------------------------------------
Netlist sorting complete. Time (s): cpu = 00:00:00 ; elapsed = 00:00:00 . Memory (MB): peak = 2106.848 ; gain = 0.000 ; free physical = 5467 ; free virtual = 11489
INFO: [Project 1-570] Preparing netlist for logic optimization

Processing XDC Constraints
Initializing timing engine
Parsing XDC File [/home/pllima0909/Documents/Git/INF01175-Digital-Systems/P08_-_Multiplier_Pipeline/P08_-_Multiplier_Pipeline.gen/sources_1/ip/Multiplier/Multiplier/Multiplier_in_context.xdc] for cell 'mult'
Finished Parsing XDC File [/home/pllima0909/Documents/Git/INF01175-Digital-Systems/P08_-_Multiplier_Pipeline/P08_-_Multiplier_Pipeline.gen/sources_1/ip/Multiplier/Multiplier/Multiplier_in_context.xdc] for cell 'mult'
Completed Processing XDC Constraints

Netlist sorting complete. Time (s): cpu = 00:00:00 ; elapsed = 00:00:00 . Memory (MB): peak = 2179.785 ; gain = 0.000 ; free physical = 5461 ; free virtual = 11484
INFO: [Project 1-111] Unisim Transformation Summary:
No Unisim elements were transformed.

Constraint Validation Runtime : Time (s): cpu = 00:00:00 ; elapsed = 00:00:00 . Memory (MB): peak = 2179.820 ; gain = 0.000 ; free physical = 5461 ; free virtual = 11484
INFO: [Designutils 20-5440] No compile time benefit to using incremental synthesis; A full resynthesis will be run
INFO: [Designutils 20-4379] Flow is switching to default flow due to incremental criteria not met. If you would like to alter this behaviour and have the flow terminate instead, please set the following parameter config_implementation {autoIncr.Synth.RejectBehavior Terminate}
---------------------------------------------------------------------------------
Finished Constraint Validation : Time (s): cpu = 00:00:09 ; elapsed = 00:00:09 . Memory (MB): peak = 2179.820 ; gain = 571.352 ; free physical = 5458 ; free virtual = 11481
---------------------------------------------------------------------------------
---------------------------------------------------------------------------------
Start Loading Part and Timing Information
---------------------------------------------------------------------------------
Loading part: xc7a12tcpg238-3
---------------------------------------------------------------------------------
Finished Loading Part and Timing Information : Time (s): cpu = 00:00:09 ; elapsed = 00:00:09 . Memory (MB): peak = 2179.820 ; gain = 571.352 ; free physical = 5458 ; free virtual = 11481
---------------------------------------------------------------------------------
---------------------------------------------------------------------------------
Start Applying 'set_property' XDC Constraints
---------------------------------------------------------------------------------
Applied set_property KEEP_HIERARCHY = SOFT for mult. (constraint file  auto generated constraint).
---------------------------------------------------------------------------------
Finished applying 'set_property' XDC Constraints : Time (s): cpu = 00:00:09 ; elapsed = 00:00:10 . Memory (MB): peak = 2179.820 ; gain = 571.352 ; free physical = 5459 ; free virtual = 11481
---------------------------------------------------------------------------------
---------------------------------------------------------------------------------
Finished RTL Optimization Phase 2 : Time (s): cpu = 00:00:09 ; elapsed = 00:00:10 . Memory (MB): peak = 2179.820 ; gain = 571.352 ; free physical = 5457 ; free virtual = 11480
---------------------------------------------------------------------------------
---------------------------------------------------------------------------------
Start RTL Component Statistics 
---------------------------------------------------------------------------------
Detailed RTL Component Info : 
---------------------------------------------------------------------------------
Finished RTL Component Statistics 
---------------------------------------------------------------------------------
---------------------------------------------------------------------------------
Start Part Resource Summary
---------------------------------------------------------------------------------
Part Resources:
DSPs: 40 (col length:40)
BRAMs: 40 (col length: RAMB18 40 RAMB36 20)
---------------------------------------------------------------------------------
Finished Part Resource Summary
---------------------------------------------------------------------------------
---------------------------------------------------------------------------------
Start Cross Boundary and Area Optimization
---------------------------------------------------------------------------------
WARNING: [Synth 8-7080] Parallel synthesis criteria is not met
---------------------------------------------------------------------------------
Finished Cross Boundary and Area Optimization : Time (s): cpu = 00:00:10 ; elapsed = 00:00:11 . Memory (MB): peak = 2179.820 ; gain = 571.352 ; free physical = 5455 ; free virtual = 11482
---------------------------------------------------------------------------------
---------------------------------------------------------------------------------
Start Applying XDC Timing Constraints
---------------------------------------------------------------------------------
---------------------------------------------------------------------------------
Finished Applying XDC Timing Constraints : Time (s): cpu = 00:00:14 ; elapsed = 00:00:14 . Memory (MB): peak = 2179.820 ; gain = 571.352 ; free physical = 5422 ; free virtual = 11455
---------------------------------------------------------------------------------
---------------------------------------------------------------------------------
Start Timing Optimization
---------------------------------------------------------------------------------
---------------------------------------------------------------------------------
Finished Timing Optimization : Time (s): cpu = 00:00:14 ; elapsed = 00:00:14 . Memory (MB): peak = 2179.820 ; gain = 571.352 ; free physical = 5422 ; free virtual = 11455
---------------------------------------------------------------------------------
---------------------------------------------------------------------------------
Start Technology Mapping
---------------------------------------------------------------------------------
---------------------------------------------------------------------------------
Finished Technology Mapping : Time (s): cpu = 00:00:14 ; elapsed = 00:00:14 . Memory (MB): peak = 2179.820 ; gain = 571.352 ; free physical = 5422 ; free virtual = 11455
---------------------------------------------------------------------------------
---------------------------------------------------------------------------------
Start IO Insertion
---------------------------------------------------------------------------------
---------------------------------------------------------------------------------
Start Flattening Before IO Insertion
---------------------------------------------------------------------------------
---------------------------------------------------------------------------------
Finished Flattening Before IO Insertion
---------------------------------------------------------------------------------
---------------------------------------------------------------------------------
Start Final Netlist Cleanup
---------------------------------------------------------------------------------
---------------------------------------------------------------------------------
Finished Final Netlist Cleanup
---------------------------------------------------------------------------------
---------------------------------------------------------------------------------
Finished IO Insertion : Time (s): cpu = 00:00:17 ; elapsed = 00:00:17 . Memory (MB): peak = 2179.820 ; gain = 571.352 ; free physical = 5437 ; free virtual = 11467
---------------------------------------------------------------------------------
---------------------------------------------------------------------------------
Start Renaming Generated Instances
---------------------------------------------------------------------------------
---------------------------------------------------------------------------------
Finished Renaming Generated Instances : Time (s): cpu = 00:00:17 ; elapsed = 00:00:17 . Memory (MB): peak = 2179.820 ; gain = 571.352 ; free physical = 5437 ; free virtual = 11467
---------------------------------------------------------------------------------
---------------------------------------------------------------------------------
Start Rebuilding User Hierarchy
---------------------------------------------------------------------------------
---------------------------------------------------------------------------------
Finished Rebuilding User Hierarchy : Time (s): cpu = 00:00:17 ; elapsed = 00:00:17 . Memory (MB): peak = 2179.820 ; gain = 571.352 ; free physical = 5437 ; free virtual = 11467
---------------------------------------------------------------------------------
---------------------------------------------------------------------------------
Start Renaming Generated Ports
---------------------------------------------------------------------------------
---------------------------------------------------------------------------------
Finished Renaming Generated Ports : Time (s): cpu = 00:00:17 ; elapsed = 00:00:17 . Memory (MB): peak = 2179.820 ; gain = 571.352 ; free physical = 5437 ; free virtual = 11467
---------------------------------------------------------------------------------
---------------------------------------------------------------------------------
Start Handling Custom Attributes
---------------------------------------------------------------------------------
---------------------------------------------------------------------------------
Finished Handling Custom Attributes : Time (s): cpu = 00:00:17 ; elapsed = 00:00:17 . Memory (MB): peak = 2179.820 ; gain = 571.352 ; free physical = 5437 ; free virtual = 11467
---------------------------------------------------------------------------------
---------------------------------------------------------------------------------
Start Renaming Generated Nets
---------------------------------------------------------------------------------
---------------------------------------------------------------------------------
Finished Renaming Generated Nets : Time (s): cpu = 00:00:17 ; elapsed = 00:00:17 . Memory (MB): peak = 2179.820 ; gain = 571.352 ; free physical = 5437 ; free virtual = 11467
---------------------------------------------------------------------------------
---------------------------------------------------------------------------------
Start Writing Synthesis Report
---------------------------------------------------------------------------------

Report BlackBoxes: 
+------+--------------+----------+
|      |BlackBox name |Instances |
+------+--------------+----------+
|1     |Multiplier    |         1|
+------+--------------+----------+

Report Cell Usage: 
+------+----------------+------+
|      |Cell            |Count |
+------+----------------+------+
|1     |Multiplier_bbox |     1|
|2     |IBUF            |    65|
|3     |OBUF            |    64|
+------+----------------+------+
---------------------------------------------------------------------------------
Finished Writing Synthesis Report : Time (s): cpu = 00:00:17 ; elapsed = 00:00:17 . Memory (MB): peak = 2179.820 ; gain = 571.352 ; free physical = 5437 ; free virtual = 11467
---------------------------------------------------------------------------------
Synthesis finished with 0 errors, 0 critical warnings and 1 warnings.
Synthesis Optimization Runtime : Time (s): cpu = 00:00:16 ; elapsed = 00:00:16 . Memory (MB): peak = 2179.820 ; gain = 498.379 ; free physical = 5437 ; free virtual = 11467
Synthesis Optimization Complete : Time (s): cpu = 00:00:17 ; elapsed = 00:00:18 . Memory (MB): peak = 2179.820 ; gain = 571.352 ; free physical = 5437 ; free virtual = 11467
INFO: [Project 1-571] Translating synthesized netlist
Netlist sorting complete. Time (s): cpu = 00:00:00 ; elapsed = 00:00:00 . Memory (MB): peak = 2179.820 ; gain = 0.000 ; free physical = 5437 ; free virtual = 11467
INFO: [Project 1-570] Preparing netlist for logic optimization
INFO: [Opt 31-138] Pushed 0 inverter(s) to 0 load pin(s).
Netlist sorting complete. Time (s): cpu = 00:00:00 ; elapsed = 00:00:00 . Memory (MB): peak = 2179.820 ; gain = 0.000 ; free physical = 5722 ; free virtual = 11752
INFO: [Project 1-111] Unisim Transformation Summary:
No Unisim elements were transformed.

Synth Design complete | Checksum: 8e5f6336
INFO: [Common 17-83] Releasing license: Synthesis
22 Infos, 1 Warnings, 0 Critical Warnings and 0 Errors encountered.
synth_design completed successfully
synth_design: Time (s): cpu = 00:00:22 ; elapsed = 00:00:20 . Memory (MB): peak = 2179.820 ; gain = 862.445 ; free physical = 5722 ; free virtual = 11752
INFO: [Common 17-2834] synth_design peak Physical Memory [PSS] (MB): overall = 1772.292; main = 1447.849; forked = 375.577
INFO: [Common 17-2834] synth_design peak Virtual Memory [VSS] (MB): overall = 3122.203; main = 2147.773; forked = 974.430
Write ShapeDB Complete: Time (s): cpu = 00:00:00 ; elapsed = 00:00:00 . Memory (MB): peak = 2179.820 ; gain = 0.000 ; free physical = 5722 ; free virtual = 11752
INFO: [Common 17-1381] The checkpoint '/home/pllima0909/Documents/Git/INF01175-Digital-Systems/P08_-_Multiplier_Pipeline/P08_-_Multiplier_Pipeline.runs/synth_1/Multiplier_Pipeline.dcp' has been generated.
INFO: [runtcl-4] Executing : report_utilization -file Multiplier_Pipeline_utilization_synth.rpt -pb Multiplier_Pipeline_utilization_synth.pb
INFO: [Common 17-206] Exiting Vivado at Thu Jul 11 10:52:22 2024...
