
*** Running vivado
    with args -log FSM2.vds -m64 -product Vivado -mode batch -messageDb vivado.pb -notrace -source FSM2.tcl


****** Vivado v2023.2.2 (64-bit)
  **** SW Build 4126759 on Thu Feb  8 23:52:05 MST 2024
  **** IP Build 4126054 on Fri Feb  9 11:39:09 MST 2024
  **** SharedData Build 4115275 on Tue Jan 30 00:40:57 MST 2024
    ** Copyright 1986-2022 Xilinx, Inc. All Rights Reserved.
    ** Copyright 2022-2024 Advanced Micro Devices, Inc. All Rights Reserved.

source FSM2.tcl -notrace
create_project: Time (s): cpu = 00:00:06 ; elapsed = 00:00:06 . Memory (MB): peak = 1316.863 ; gain = 0.023 ; free physical = 6431 ; free virtual = 12066
Command: read_checkpoint -auto_incremental -incremental /home/pllima0909/Documents/Git/INF01175-Digital-Systems/P05_-_Abstract_FSM/P05_-_Abstract_FSM.srcs/utils_1/imports/synth_1/FSM1.dcp
INFO: [Vivado 12-5825] Read reference checkpoint from /home/pllima0909/Documents/Git/INF01175-Digital-Systems/P05_-_Abstract_FSM/P05_-_Abstract_FSM.srcs/utils_1/imports/synth_1/FSM1.dcp for incremental synthesis
INFO: [Vivado 12-7989] Please ensure there are no constraint changes
Command: synth_design -top FSM2 -part xc7a12tcpg238-3
Starting synth_design
Attempting to get a license for feature 'Synthesis' and/or device 'xc7a12t'
INFO: [Common 17-349] Got license for feature 'Synthesis' and/or device 'xc7a12t'
INFO: [Vivado_Tcl 4-1810] synth_design options have changed between reference and incremental; A full resynthesis will be run
INFO: [Synth 8-7079] Multithreading enabled for synth_design using a maximum of 4 processes.
INFO: [Synth 8-7078] Launching helper process for spawning children vivado processes
INFO: [Synth 8-7075] Helper process launched with PID 14918
---------------------------------------------------------------------------------
Starting Synthesize : Time (s): cpu = 00:00:03 ; elapsed = 00:00:03 . Memory (MB): peak = 1704.609 ; gain = 387.746 ; free physical = 5796 ; free virtual = 11432
---------------------------------------------------------------------------------
INFO: [Synth 8-638] synthesizing module 'FSM2' [/home/pllima0909/Documents/Git/INF01175-Digital-Systems/P05_-_Abstract_FSM/P05_-_Abstract_FSM.srcs/sources_1/new/FSM2.vhd:32]
WARNING: [Synth 8-614] signal 'E' is read in the process but is not in the sensitivity list [/home/pllima0909/Documents/Git/INF01175-Digital-Systems/P05_-_Abstract_FSM/P05_-_Abstract_FSM.srcs/sources_1/new/FSM2.vhd:71]
INFO: [Synth 8-256] done synthesizing module 'FSM2' (0#1) [/home/pllima0909/Documents/Git/INF01175-Digital-Systems/P05_-_Abstract_FSM/P05_-_Abstract_FSM.srcs/sources_1/new/FSM2.vhd:32]
---------------------------------------------------------------------------------
Finished Synthesize : Time (s): cpu = 00:00:05 ; elapsed = 00:00:05 . Memory (MB): peak = 1777.578 ; gain = 460.715 ; free physical = 5702 ; free virtual = 11338
---------------------------------------------------------------------------------
---------------------------------------------------------------------------------
Finished Constraint Validation : Time (s): cpu = 00:00:05 ; elapsed = 00:00:05 . Memory (MB): peak = 1795.391 ; gain = 478.527 ; free physical = 5701 ; free virtual = 11337
---------------------------------------------------------------------------------
---------------------------------------------------------------------------------
Start Loading Part and Timing Information
---------------------------------------------------------------------------------
Loading part: xc7a12tcpg238-3
INFO: [Device 21-403] Loading part xc7a12tcpg238-3
---------------------------------------------------------------------------------
Finished Loading Part and Timing Information : Time (s): cpu = 00:00:05 ; elapsed = 00:00:05 . Memory (MB): peak = 1803.395 ; gain = 486.531 ; free physical = 5701 ; free virtual = 11337
---------------------------------------------------------------------------------
---------------------------------------------------------------------------------
Start Preparing Guide Design
---------------------------------------------------------------------------------
---------------------------------------------------------------------------------
Finished Doing Graph Differ : Time (s): cpu = 00:00:05 ; elapsed = 00:00:05 . Memory (MB): peak = 1812.301 ; gain = 495.438 ; free physical = 5701 ; free virtual = 11337
---------------------------------------------------------------------------------
---------------------------------------------------------------------------------
Finished Preparing Guide Design : Time (s): cpu = 00:00:05 ; elapsed = 00:00:05 . Memory (MB): peak = 1812.301 ; gain = 495.438 ; free physical = 5701 ; free virtual = 11337
---------------------------------------------------------------------------------
INFO: [Synth 8-802] inferred FSM for state register 'state_reg' in module 'FSM2'
---------------------------------------------------------------------------------------------------
                   State |                     New Encoding |                Previous Encoding 
---------------------------------------------------------------------------------------------------
                      s1 |                               00 |                               00
                  iSTATE |                               01 |                               10
*
                      s2 |                               10 |                               01
---------------------------------------------------------------------------------------------------
INFO: [Synth 8-3354] encoded FSM with state register 'state_reg' using encoding 'sequential' in module 'FSM2'
---------------------------------------------------------------------------------
Finished RTL Optimization Phase 2 : Time (s): cpu = 00:00:05 ; elapsed = 00:00:05 . Memory (MB): peak = 1812.301 ; gain = 495.438 ; free physical = 5693 ; free virtual = 11329
---------------------------------------------------------------------------------


Incremental Synthesis Report Summary:

1. Incremental synthesis run: no

   Reason for not running incremental synthesis : synth_design options have changed between reference and incremental


INFO: [Synth 8-7130] Flow is switching to default flow due to incremental criteria not met. If you would like to alter this behaviour and have the flow terminate instead, please set the following parameter config_implementation {autoIncr.Synth.RejectBehavior Terminate}
No constraint files found.
---------------------------------------------------------------------------------
Start RTL Component Statistics 
---------------------------------------------------------------------------------
Detailed RTL Component Info : 
+---Muxes : 
	   3 Input    2 Bit        Muxes := 2     
	   2 Input    2 Bit        Muxes := 3     
---------------------------------------------------------------------------------
Finished RTL Component Statistics 
---------------------------------------------------------------------------------
---------------------------------------------------------------------------------
Start Part Resource Summary
---------------------------------------------------------------------------------
Part Resources:
DSPs: 40 (col length:40)
BRAMs: 40 (col length: RAMB18 40 RAMB36 20)
---------------------------------------------------------------------------------
Finished Part Resource Summary
---------------------------------------------------------------------------------
No constraint files found.
---------------------------------------------------------------------------------
Start Cross Boundary and Area Optimization
---------------------------------------------------------------------------------
WARNING: [Synth 8-7080] Parallel synthesis criteria is not met
---------------------------------------------------------------------------------
Finished Cross Boundary and Area Optimization : Time (s): cpu = 00:00:08 ; elapsed = 00:00:08 . Memory (MB): peak = 1915.707 ; gain = 598.844 ; free physical = 5576 ; free virtual = 11216
---------------------------------------------------------------------------------
No constraint files found.
---------------------------------------------------------------------------------
Start Timing Optimization
---------------------------------------------------------------------------------
---------------------------------------------------------------------------------
Finished Timing Optimization : Time (s): cpu = 00:00:08 ; elapsed = 00:00:08 . Memory (MB): peak = 1915.707 ; gain = 598.844 ; free physical = 5576 ; free virtual = 11215
---------------------------------------------------------------------------------
---------------------------------------------------------------------------------
Start Technology Mapping
---------------------------------------------------------------------------------
---------------------------------------------------------------------------------
Finished Technology Mapping : Time (s): cpu = 00:00:08 ; elapsed = 00:00:08 . Memory (MB): peak = 1915.707 ; gain = 598.844 ; free physical = 5575 ; free virtual = 11215
---------------------------------------------------------------------------------
---------------------------------------------------------------------------------
Start IO Insertion
---------------------------------------------------------------------------------
---------------------------------------------------------------------------------
Start Flattening Before IO Insertion
---------------------------------------------------------------------------------
---------------------------------------------------------------------------------
Finished Flattening Before IO Insertion
---------------------------------------------------------------------------------
---------------------------------------------------------------------------------
Start Final Netlist Cleanup
---------------------------------------------------------------------------------
---------------------------------------------------------------------------------
Finished Final Netlist Cleanup
---------------------------------------------------------------------------------
---------------------------------------------------------------------------------
Finished IO Insertion : Time (s): cpu = 00:00:11 ; elapsed = 00:00:12 . Memory (MB): peak = 1915.707 ; gain = 598.844 ; free physical = 5575 ; free virtual = 11215
---------------------------------------------------------------------------------
---------------------------------------------------------------------------------
Start Renaming Generated Instances
---------------------------------------------------------------------------------
---------------------------------------------------------------------------------
Finished Renaming Generated Instances : Time (s): cpu = 00:00:11 ; elapsed = 00:00:12 . Memory (MB): peak = 1915.707 ; gain = 598.844 ; free physical = 5575 ; free virtual = 11215
---------------------------------------------------------------------------------
---------------------------------------------------------------------------------
Start Rebuilding User Hierarchy
---------------------------------------------------------------------------------
---------------------------------------------------------------------------------
Finished Rebuilding User Hierarchy : Time (s): cpu = 00:00:11 ; elapsed = 00:00:12 . Memory (MB): peak = 1915.707 ; gain = 598.844 ; free physical = 5575 ; free virtual = 11215
---------------------------------------------------------------------------------
---------------------------------------------------------------------------------
Start Renaming Generated Ports
---------------------------------------------------------------------------------
---------------------------------------------------------------------------------
Finished Renaming Generated Ports : Time (s): cpu = 00:00:11 ; elapsed = 00:00:12 . Memory (MB): peak = 1915.707 ; gain = 598.844 ; free physical = 5575 ; free virtual = 11215
---------------------------------------------------------------------------------
---------------------------------------------------------------------------------
Start Handling Custom Attributes
---------------------------------------------------------------------------------
---------------------------------------------------------------------------------
Finished Handling Custom Attributes : Time (s): cpu = 00:00:11 ; elapsed = 00:00:12 . Memory (MB): peak = 1915.707 ; gain = 598.844 ; free physical = 5575 ; free virtual = 11215
---------------------------------------------------------------------------------
---------------------------------------------------------------------------------
Start Renaming Generated Nets
---------------------------------------------------------------------------------
---------------------------------------------------------------------------------
Finished Renaming Generated Nets : Time (s): cpu = 00:00:11 ; elapsed = 00:00:12 . Memory (MB): peak = 1915.707 ; gain = 598.844 ; free physical = 5575 ; free virtual = 11215
---------------------------------------------------------------------------------
---------------------------------------------------------------------------------
Start Writing Synthesis Report
---------------------------------------------------------------------------------

Report BlackBoxes: 
+-+--------------+----------+
| |BlackBox name |Instances |
+-+--------------+----------+
+-+--------------+----------+

Report Cell Usage: 
+------+-----+------+
|      |Cell |Count |
+------+-----+------+
|1     |BUFG |     1|
|2     |LUT2 |     1|
|3     |LUT3 |     3|
|4     |FDCE |     2|
|5     |IBUF |     3|
|6     |OBUF |     2|
+------+-----+------+

Report Instance Areas: 
+------+---------+-------+------+
|      |Instance |Module |Cells |
+------+---------+-------+------+
|1     |top      |       |    12|
+------+---------+-------+------+
---------------------------------------------------------------------------------
Finished Writing Synthesis Report : Time (s): cpu = 00:00:11 ; elapsed = 00:00:12 . Memory (MB): peak = 1915.707 ; gain = 598.844 ; free physical = 5575 ; free virtual = 11215
---------------------------------------------------------------------------------
Synthesis finished with 0 errors, 0 critical warnings and 2 warnings.
Synthesis Optimization Runtime : Time (s): cpu = 00:00:11 ; elapsed = 00:00:12 . Memory (MB): peak = 1915.707 ; gain = 598.844 ; free physical = 5575 ; free virtual = 11214
Synthesis Optimization Complete : Time (s): cpu = 00:00:11 ; elapsed = 00:00:12 . Memory (MB): peak = 1915.715 ; gain = 598.844 ; free physical = 5575 ; free virtual = 11214
INFO: [Project 1-571] Translating synthesized netlist
Netlist sorting complete. Time (s): cpu = 00:00:00 ; elapsed = 00:00:00 . Memory (MB): peak = 1928.582 ; gain = 0.000 ; free physical = 5751 ; free virtual = 11391
INFO: [Project 1-570] Preparing netlist for logic optimization
INFO: [Opt 31-138] Pushed 0 inverter(s) to 0 load pin(s).
Netlist sorting complete. Time (s): cpu = 00:00:00 ; elapsed = 00:00:00 . Memory (MB): peak = 2061.297 ; gain = 0.000 ; free physical = 5776 ; free virtual = 11416
INFO: [Project 1-111] Unisim Transformation Summary:
No Unisim elements were transformed.

Synth Design complete | Checksum: c80ebdbf
INFO: [Common 17-83] Releasing license: Synthesis
18 Infos, 2 Warnings, 0 Critical Warnings and 0 Errors encountered.
synth_design completed successfully
synth_design: Time (s): cpu = 00:00:15 ; elapsed = 00:00:13 . Memory (MB): peak = 2061.332 ; gain = 744.469 ; free physical = 5776 ; free virtual = 11415
INFO: [Common 17-2834] synth_design peak Physical Memory [PSS] (MB): overall = 1555.561; main = 1315.370; forked = 375.546
INFO: [Common 17-2834] synth_design peak Virtual Memory [VSS] (MB): overall = 2890.145; main = 2061.301; forked = 974.434
Write ShapeDB Complete: Time (s): cpu = 00:00:00 ; elapsed = 00:00:00 . Memory (MB): peak = 2085.309 ; gain = 0.000 ; free physical = 5776 ; free virtual = 11416
INFO: [Common 17-1381] The checkpoint '/home/pllima0909/Documents/Git/INF01175-Digital-Systems/P05_-_Abstract_FSM/P05_-_Abstract_FSM.runs/synth_1/FSM2.dcp' has been generated.
INFO: [runtcl-4] Executing : report_utilization -file FSM2_utilization_synth.rpt -pb FSM2_utilization_synth.pb
INFO: [Common 17-206] Exiting Vivado at Thu Apr 25 12:07:53 2024...
