
*** Running vivado
    with args -log Button_FSM.vds -m64 -product Vivado -mode batch -messageDb vivado.pb -notrace -source Button_FSM.tcl


****** Vivado v2023.2.2 (64-bit)
  **** SW Build 4126759 on Thu Feb  8 23:52:05 MST 2024
  **** IP Build 4126054 on Fri Feb  9 11:39:09 MST 2024
  **** SharedData Build 4115275 on Tue Jan 30 00:40:57 MST 2024
    ** Copyright 1986-2022 Xilinx, Inc. All Rights Reserved.
    ** Copyright 2022-2024 Advanced Micro Devices, Inc. All Rights Reserved.

source Button_FSM.tcl -notrace
create_project: Time (s): cpu = 00:00:06 ; elapsed = 00:00:06 . Memory (MB): peak = 1316.859 ; gain = 0.023 ; free physical = 6474 ; free virtual = 12326
Command: synth_design -top Button_FSM -part xc7a12tcpg238-3 -fsm_extraction gray
Starting synth_design
Attempting to get a license for feature 'Synthesis' and/or device 'xc7a12t'
INFO: [Common 17-349] Got license for feature 'Synthesis' and/or device 'xc7a12t'
INFO: [Synth 8-7079] Multithreading enabled for synth_design using a maximum of 4 processes.
INFO: [Synth 8-7078] Launching helper process for spawning children vivado processes
INFO: [Synth 8-7075] Helper process launched with PID 14455
---------------------------------------------------------------------------------
Starting Synthesize : Time (s): cpu = 00:00:03 ; elapsed = 00:00:03 . Memory (MB): peak = 1702.605 ; gain = 385.746 ; free physical = 5840 ; free virtual = 11692
---------------------------------------------------------------------------------
INFO: [Synth 8-638] synthesizing module 'Button_FSM' [/home/pllima0909/Documents/Git/INF01175-Digital-Systems/P06_-_Button_FSM/P06_-_Button_FSM.srcs/sources_1/new/Button_FSM.vhd:37]
INFO: [Synth 8-256] done synthesizing module 'Button_FSM' (0#1) [/home/pllima0909/Documents/Git/INF01175-Digital-Systems/P06_-_Button_FSM/P06_-_Button_FSM.srcs/sources_1/new/Button_FSM.vhd:37]
---------------------------------------------------------------------------------
Finished Synthesize : Time (s): cpu = 00:00:04 ; elapsed = 00:00:05 . Memory (MB): peak = 1775.574 ; gain = 458.715 ; free physical = 5745 ; free virtual = 11598
---------------------------------------------------------------------------------
---------------------------------------------------------------------------------
Finished Constraint Validation : Time (s): cpu = 00:00:05 ; elapsed = 00:00:05 . Memory (MB): peak = 1793.387 ; gain = 476.527 ; free physical = 5745 ; free virtual = 11598
---------------------------------------------------------------------------------
---------------------------------------------------------------------------------
Start Loading Part and Timing Information
---------------------------------------------------------------------------------
Loading part: xc7a12tcpg238-3
INFO: [Device 21-403] Loading part xc7a12tcpg238-3
---------------------------------------------------------------------------------
Finished Loading Part and Timing Information : Time (s): cpu = 00:00:05 ; elapsed = 00:00:05 . Memory (MB): peak = 1801.391 ; gain = 484.531 ; free physical = 5744 ; free virtual = 11597
---------------------------------------------------------------------------------
INFO: [Synth 8-802] inferred FSM for state register 'state_reg' in module 'Button_FSM'
---------------------------------------------------------------------------------------------------
                   State |                     New Encoding |                Previous Encoding 
---------------------------------------------------------------------------------------------------
                      s0 |                              000 |                              000
                      s1 |                              001 |                              001
                      s2 |                              011 |                              010
                      s3 |                              010 |                              011
                  iSTATE |                              110 |                              100
*
---------------------------------------------------------------------------------------------------
INFO: [Synth 8-3354] encoded FSM with state register 'state_reg' using encoding 'gray' in module 'Button_FSM'
---------------------------------------------------------------------------------
Finished RTL Optimization Phase 2 : Time (s): cpu = 00:00:05 ; elapsed = 00:00:05 . Memory (MB): peak = 1818.305 ; gain = 501.445 ; free physical = 5728 ; free virtual = 11581
---------------------------------------------------------------------------------
No constraint files found.
---------------------------------------------------------------------------------
Start RTL Component Statistics 
---------------------------------------------------------------------------------
Detailed RTL Component Info : 
+---Adders : 
	   2 Input    4 Bit       Adders := 1     
+---Registers : 
	                4 Bit    Registers := 1     
+---Muxes : 
	   5 Input    3 Bit        Muxes := 1     
	   2 Input    3 Bit        Muxes := 5     
	   2 Input    1 Bit        Muxes := 1     
	   5 Input    1 Bit        Muxes := 2     
---------------------------------------------------------------------------------
Finished RTL Component Statistics 
---------------------------------------------------------------------------------
---------------------------------------------------------------------------------
Start Part Resource Summary
---------------------------------------------------------------------------------
Part Resources:
DSPs: 40 (col length:40)
BRAMs: 40 (col length: RAMB18 40 RAMB36 20)
---------------------------------------------------------------------------------
Finished Part Resource Summary
---------------------------------------------------------------------------------
No constraint files found.
---------------------------------------------------------------------------------
Start Cross Boundary and Area Optimization
---------------------------------------------------------------------------------
WARNING: [Synth 8-7080] Parallel synthesis criteria is not met
---------------------------------------------------------------------------------
Finished Cross Boundary and Area Optimization : Time (s): cpu = 00:00:08 ; elapsed = 00:00:08 . Memory (MB): peak = 1920.844 ; gain = 603.984 ; free physical = 5607 ; free virtual = 11465
---------------------------------------------------------------------------------
No constraint files found.
---------------------------------------------------------------------------------
Start Timing Optimization
---------------------------------------------------------------------------------
---------------------------------------------------------------------------------
Finished Timing Optimization : Time (s): cpu = 00:00:08 ; elapsed = 00:00:08 . Memory (MB): peak = 1920.844 ; gain = 603.984 ; free physical = 5605 ; free virtual = 11463
---------------------------------------------------------------------------------
---------------------------------------------------------------------------------
Start Technology Mapping
---------------------------------------------------------------------------------
---------------------------------------------------------------------------------
Finished Technology Mapping : Time (s): cpu = 00:00:08 ; elapsed = 00:00:08 . Memory (MB): peak = 1920.844 ; gain = 603.984 ; free physical = 5605 ; free virtual = 11463
---------------------------------------------------------------------------------
---------------------------------------------------------------------------------
Start IO Insertion
---------------------------------------------------------------------------------
---------------------------------------------------------------------------------
Start Flattening Before IO Insertion
---------------------------------------------------------------------------------
---------------------------------------------------------------------------------
Finished Flattening Before IO Insertion
---------------------------------------------------------------------------------
---------------------------------------------------------------------------------
Start Final Netlist Cleanup
---------------------------------------------------------------------------------
---------------------------------------------------------------------------------
Finished Final Netlist Cleanup
---------------------------------------------------------------------------------
---------------------------------------------------------------------------------
Finished IO Insertion : Time (s): cpu = 00:00:11 ; elapsed = 00:00:12 . Memory (MB): peak = 1920.844 ; gain = 603.984 ; free physical = 5603 ; free virtual = 11461
---------------------------------------------------------------------------------
---------------------------------------------------------------------------------
Start Renaming Generated Instances
---------------------------------------------------------------------------------
---------------------------------------------------------------------------------
Finished Renaming Generated Instances : Time (s): cpu = 00:00:11 ; elapsed = 00:00:12 . Memory (MB): peak = 1920.844 ; gain = 603.984 ; free physical = 5603 ; free virtual = 11461
---------------------------------------------------------------------------------
---------------------------------------------------------------------------------
Start Rebuilding User Hierarchy
---------------------------------------------------------------------------------
---------------------------------------------------------------------------------
Finished Rebuilding User Hierarchy : Time (s): cpu = 00:00:11 ; elapsed = 00:00:12 . Memory (MB): peak = 1920.844 ; gain = 603.984 ; free physical = 5603 ; free virtual = 11461
---------------------------------------------------------------------------------
---------------------------------------------------------------------------------
Start Renaming Generated Ports
---------------------------------------------------------------------------------
---------------------------------------------------------------------------------
Finished Renaming Generated Ports : Time (s): cpu = 00:00:11 ; elapsed = 00:00:12 . Memory (MB): peak = 1920.844 ; gain = 603.984 ; free physical = 5603 ; free virtual = 11461
---------------------------------------------------------------------------------
---------------------------------------------------------------------------------
Start Handling Custom Attributes
---------------------------------------------------------------------------------
---------------------------------------------------------------------------------
Finished Handling Custom Attributes : Time (s): cpu = 00:00:11 ; elapsed = 00:00:12 . Memory (MB): peak = 1920.844 ; gain = 603.984 ; free physical = 5603 ; free virtual = 11461
---------------------------------------------------------------------------------
---------------------------------------------------------------------------------
Start Renaming Generated Nets
---------------------------------------------------------------------------------
---------------------------------------------------------------------------------
Finished Renaming Generated Nets : Time (s): cpu = 00:00:11 ; elapsed = 00:00:12 . Memory (MB): peak = 1920.844 ; gain = 603.984 ; free physical = 5603 ; free virtual = 11461
---------------------------------------------------------------------------------
---------------------------------------------------------------------------------
Start Writing Synthesis Report
---------------------------------------------------------------------------------

Report BlackBoxes: 
+-+--------------+----------+
| |BlackBox name |Instances |
+-+--------------+----------+
+-+--------------+----------+

Report Cell Usage: 
+------+-----+------+
|      |Cell |Count |
+------+-----+------+
|1     |BUFG |     1|
|2     |LUT1 |     1|
|3     |LUT2 |     1|
|4     |LUT3 |     4|
|5     |LUT4 |     3|
|6     |LUT6 |     1|
|7     |FDCE |     7|
|8     |IBUF |     3|
|9     |OBUF |     1|
+------+-----+------+

Report Instance Areas: 
+------+---------+-------+------+
|      |Instance |Module |Cells |
+------+---------+-------+------+
|1     |top      |       |    22|
+------+---------+-------+------+
---------------------------------------------------------------------------------
Finished Writing Synthesis Report : Time (s): cpu = 00:00:11 ; elapsed = 00:00:12 . Memory (MB): peak = 1920.844 ; gain = 603.984 ; free physical = 5603 ; free virtual = 11461
---------------------------------------------------------------------------------
Synthesis finished with 0 errors, 0 critical warnings and 1 warnings.
Synthesis Optimization Runtime : Time (s): cpu = 00:00:11 ; elapsed = 00:00:12 . Memory (MB): peak = 1920.844 ; gain = 603.984 ; free physical = 5602 ; free virtual = 11460
Synthesis Optimization Complete : Time (s): cpu = 00:00:11 ; elapsed = 00:00:12 . Memory (MB): peak = 1920.852 ; gain = 603.984 ; free physical = 5602 ; free virtual = 11460
INFO: [Project 1-571] Translating synthesized netlist
Netlist sorting complete. Time (s): cpu = 00:00:00 ; elapsed = 00:00:00 . Memory (MB): peak = 1926.781 ; gain = 0.000 ; free physical = 5761 ; free virtual = 11619
INFO: [Project 1-570] Preparing netlist for logic optimization
INFO: [Opt 31-138] Pushed 0 inverter(s) to 0 load pin(s).
Netlist sorting complete. Time (s): cpu = 00:00:00 ; elapsed = 00:00:00 . Memory (MB): peak = 2060.527 ; gain = 0.000 ; free physical = 5825 ; free virtual = 11683
INFO: [Project 1-111] Unisim Transformation Summary:
No Unisim elements were transformed.

Synth Design complete | Checksum: b90bfda6
INFO: [Common 17-83] Releasing license: Synthesis
14 Infos, 1 Warnings, 0 Critical Warnings and 0 Errors encountered.
synth_design completed successfully
synth_design: Time (s): cpu = 00:00:15 ; elapsed = 00:00:13 . Memory (MB): peak = 2060.562 ; gain = 743.703 ; free physical = 5826 ; free virtual = 11685
INFO: [Common 17-2834] synth_design peak Physical Memory [PSS] (MB): overall = 1572.372; main = 1317.055; forked = 375.493
INFO: [Common 17-2834] synth_design peak Virtual Memory [VSS] (MB): overall = 2895.277; main = 2060.531; forked = 974.430
Write ShapeDB Complete: Time (s): cpu = 00:00:00 ; elapsed = 00:00:00 . Memory (MB): peak = 2084.539 ; gain = 0.000 ; free physical = 5826 ; free virtual = 11685
INFO: [Common 17-1381] The checkpoint '/home/pllima0909/Documents/Git/INF01175-Digital-Systems/P06_-_Button_FSM/P06_-_Button_FSM.runs/synth_1/Button_FSM.dcp' has been generated.
INFO: [runtcl-4] Executing : report_utilization -file Button_FSM_utilization_synth.rpt -pb Button_FSM_utilization_synth.pb
INFO: [Common 17-206] Exiting Vivado at Tue Apr 30 11:51:30 2024...
