==============================================================
Vitis HLS - High-Level Synthesis from C, C++ and OpenCL v2023.2.2 (64-bit)
Tool Version Limit: 2024.02
Copyright 1986-2022 Xilinx, Inc. All Rights Reserved.
Copyright 2022-2024 Advanced Micro Devices, Inc. All Rights Reserved.

==============================================================
INFO: [SYN 201-201] Setting up clock 'default' with a period of 15ns.
INFO: [HLS 200-1611] Setting target device to 'xc7a75tl-ftg256-2L'
INFO: [HLS 200-1505] Using flow_target 'vivado'
INFO: [HLS 200-1510] Running: set_part xc7a75tlftg256-2L 
INFO: [HLS 200-1510] Running: create_clock -period 15 -name default 
INFO: [HLS 200-1510] Running: source ./HLS/Loop_Unroll/directives.tcl
INFO: [HLS 200-1510] Running: set_directive_top -name calculate_matrix calculate_matrix 
INFO: [HLS 200-1510] Running: set_directive_unroll calculate_matrix/calculate_matrix_label0 
INFO: [HLS 200-1510] Running: set_directive_unroll calculate_matrix/calculate_matrix_label1 
INFO: [HLS 200-1510] Running: set_directive_unroll calculate_matrix/calculate_matrix_label2 
INFO: [HLS 200-1510] Running: csynth_design 
INFO: [HLS 200-111] Finished File checks and directory preparation: CPU user time: 0.06 seconds. CPU system time: 0.01 seconds. Elapsed time: 0.07 seconds; current allocated memory: 258.059 MB.
INFO: [HLS 200-10] Analyzing design file 'HLS_src/matrix_operations.cpp' ... 
INFO: [HLS 200-111] Finished Source Code Analysis and Preprocessing: CPU user time: 0.35 seconds. CPU system time: 0.34 seconds. Elapsed time: 0.69 seconds; current allocated memory: 258.637 MB.
INFO: [HLS 200-777] Using interface defaults for 'Vivado' flow target.
INFO: [HLS 200-1995] There were 65 instructions in the design after the 'Compile/Link' phase of compilation. See the Design Size Report for more details: /home/pllima0909/Documents/Git/INF01175-Digital-Systems/T02_-_PC_PO_HLS/HLS/HLS/Loop_Unroll/syn/report/csynth_design_size.rpt
INFO: [HLS 200-1995] There were 130 instructions in the design after the 'Unroll/Inline (step 1)' phase of compilation. See the Design Size Report for more details: /home/pllima0909/Documents/Git/INF01175-Digital-Systems/T02_-_PC_PO_HLS/HLS/HLS/Loop_Unroll/syn/report/csynth_design_size.rpt
INFO: [HLS 200-1995] There were 89 instructions in the design after the 'Unroll/Inline (step 2)' phase of compilation. See the Design Size Report for more details: /home/pllima0909/Documents/Git/INF01175-Digital-Systems/T02_-_PC_PO_HLS/HLS/HLS/Loop_Unroll/syn/report/csynth_design_size.rpt
INFO: [HLS 200-1995] There were 89 instructions in the design after the 'Unroll/Inline (step 3)' phase of compilation. See the Design Size Report for more details: /home/pllima0909/Documents/Git/INF01175-Digital-Systems/T02_-_PC_PO_HLS/HLS/HLS/Loop_Unroll/syn/report/csynth_design_size.rpt
INFO: [HLS 200-1995] There were 89 instructions in the design after the 'Unroll/Inline (step 4)' phase of compilation. See the Design Size Report for more details: /home/pllima0909/Documents/Git/INF01175-Digital-Systems/T02_-_PC_PO_HLS/HLS/HLS/Loop_Unroll/syn/report/csynth_design_size.rpt
INFO: [HLS 200-1995] There were 89 instructions in the design after the 'Array/Struct (step 1)' phase of compilation. See the Design Size Report for more details: /home/pllima0909/Documents/Git/INF01175-Digital-Systems/T02_-_PC_PO_HLS/HLS/HLS/Loop_Unroll/syn/report/csynth_design_size.rpt
INFO: [HLS 200-1995] There were 89 instructions in the design after the 'Array/Struct (step 2)' phase of compilation. See the Design Size Report for more details: /home/pllima0909/Documents/Git/INF01175-Digital-Systems/T02_-_PC_PO_HLS/HLS/HLS/Loop_Unroll/syn/report/csynth_design_size.rpt
INFO: [HLS 200-1995] There were 89 instructions in the design after the 'Array/Struct (step 3)' phase of compilation. See the Design Size Report for more details: /home/pllima0909/Documents/Git/INF01175-Digital-Systems/T02_-_PC_PO_HLS/HLS/HLS/Loop_Unroll/syn/report/csynth_design_size.rpt
INFO: [HLS 200-1995] There were 89 instructions in the design after the 'Array/Struct (step 4)' phase of compilation. See the Design Size Report for more details: /home/pllima0909/Documents/Git/INF01175-Digital-Systems/T02_-_PC_PO_HLS/HLS/HLS/Loop_Unroll/syn/report/csynth_design_size.rpt
INFO: [HLS 200-1995] There were 89 instructions in the design after the 'Array/Struct (step 5)' phase of compilation. See the Design Size Report for more details: /home/pllima0909/Documents/Git/INF01175-Digital-Systems/T02_-_PC_PO_HLS/HLS/HLS/Loop_Unroll/syn/report/csynth_design_size.rpt
INFO: [HLS 200-1995] There were 89 instructions in the design after the 'Performance (step 1)' phase of compilation. See the Design Size Report for more details: /home/pllima0909/Documents/Git/INF01175-Digital-Systems/T02_-_PC_PO_HLS/HLS/HLS/Loop_Unroll/syn/report/csynth_design_size.rpt
INFO: [HLS 200-1995] There were 89 instructions in the design after the 'Performance (step 2)' phase of compilation. See the Design Size Report for more details: /home/pllima0909/Documents/Git/INF01175-Digital-Systems/T02_-_PC_PO_HLS/HLS/HLS/Loop_Unroll/syn/report/csynth_design_size.rpt
INFO: [HLS 200-1995] There were 89 instructions in the design after the 'Performance (step 3)' phase of compilation. See the Design Size Report for more details: /home/pllima0909/Documents/Git/INF01175-Digital-Systems/T02_-_PC_PO_HLS/HLS/HLS/Loop_Unroll/syn/report/csynth_design_size.rpt
INFO: [HLS 200-1995] There were 89 instructions in the design after the 'Performance (step 4)' phase of compilation. See the Design Size Report for more details: /home/pllima0909/Documents/Git/INF01175-Digital-Systems/T02_-_PC_PO_HLS/HLS/HLS/Loop_Unroll/syn/report/csynth_design_size.rpt
INFO: [HLS 200-1995] There were 97 instructions in the design after the 'HW Transforms (step 1)' phase of compilation. See the Design Size Report for more details: /home/pllima0909/Documents/Git/INF01175-Digital-Systems/T02_-_PC_PO_HLS/HLS/HLS/Loop_Unroll/syn/report/csynth_design_size.rpt
INFO: [HLS 200-1995] There were 98 instructions in the design after the 'HW Transforms (step 2)' phase of compilation. See the Design Size Report for more details: /home/pllima0909/Documents/Git/INF01175-Digital-Systems/T02_-_PC_PO_HLS/HLS/HLS/Loop_Unroll/syn/report/csynth_design_size.rpt
INFO: [HLS 214-186] Unrolling loop 'calculate_matrix_label2' (HLS_src/matrix_operations.cpp:11:28) in function 'calculate_matrix' completely with a factor of 2 (HLS_src/matrix_operations.cpp:8:0)
INFO: [HLS 214-186] Unrolling loop 'calculate_matrix_label1' (HLS_src/matrix_operations.cpp:13:31) in function 'calculate_matrix' completely with a factor of 2 (HLS_src/matrix_operations.cpp:8:0)
INFO: [HLS 214-186] Unrolling loop 'calculate_matrix_label0' (HLS_src/matrix_operations.cpp:17:34) in function 'calculate_matrix' completely with a factor of 2 (HLS_src/matrix_operations.cpp:8:0)
INFO: [HLS 200-111] Finished Compiling Optimization and Transform: CPU user time: 2.05 seconds. CPU system time: 0.4 seconds. Elapsed time: 7.19 seconds; current allocated memory: 261.281 MB.
INFO: [HLS 200-111] Finished Checking Pragmas: CPU user time: 0 seconds. CPU system time: 0 seconds. Elapsed time: 0 seconds; current allocated memory: 261.281 MB.
INFO: [HLS 200-10] Starting code transformations ...
INFO: [HLS 200-111] Finished Standard Transforms: CPU user time: 0.01 seconds. CPU system time: 0 seconds. Elapsed time: 0 seconds; current allocated memory: 261.543 MB.
INFO: [HLS 200-10] Checking synthesizability ...
INFO: [HLS 200-111] Finished Checking Synthesizability: CPU user time: 0 seconds. CPU system time: 0 seconds. Elapsed time: 0.01 seconds; current allocated memory: 261.609 MB.
INFO: [HLS 200-111] Finished Loop, function and other optimizations: CPU user time: 0.02 seconds. CPU system time: 0.01 seconds. Elapsed time: 0.03 seconds; current allocated memory: 282.070 MB.
INFO: [HLS 200-111] Finished Architecture Synthesis: CPU user time: 0.01 seconds. CPU system time: 0 seconds. Elapsed time: 0.01 seconds; current allocated memory: 282.070 MB.
INFO: [HLS 200-10] Starting hardware synthesis ...
INFO: [HLS 200-10] Synthesizing 'calculate_matrix' ...
INFO: [HLS 200-10] ----------------------------------------------------------------
INFO: [HLS 200-42] -- Implementing module 'calculate_matrix' 
INFO: [HLS 200-10] ----------------------------------------------------------------
INFO: [SCHED 204-11] Starting scheduling ...
INFO: [HLS 200-486] Changing DSP latency (root=add_ln20_6) to 3 in order to utilize available DSP registers.
INFO: [HLS 200-486] Changing DSP latency (root=add_ln20_4) to 3 in order to utilize available DSP registers.
INFO: [HLS 200-486] Changing DSP latency (root=add_ln20_2) to 3 in order to utilize available DSP registers.
INFO: [HLS 200-486] Changing DSP latency (root=add_ln20) to 3 in order to utilize available DSP registers.
INFO: [SCHED 204-11] Finished scheduling.
INFO: [HLS 200-111] Finished Scheduling: CPU user time: 0.04 seconds. CPU system time: 0.02 seconds. Elapsed time: 0.07 seconds; current allocated memory: 282.070 MB.
INFO: [BIND 205-100] Starting micro-architecture generation ...
INFO: [BIND 205-101] Performing variable lifetime analysis.
INFO: [BIND 205-101] Exploring resource sharing.
INFO: [BIND 205-101] Binding ...
INFO: [BIND 205-100] Finished micro-architecture generation.
INFO: [HLS 200-111] Finished Binding: CPU user time: 0.02 seconds. CPU system time: 0 seconds. Elapsed time: 0.01 seconds; current allocated memory: 282.070 MB.
INFO: [HLS 200-10] ----------------------------------------------------------------
INFO: [HLS 200-10] -- Generating RTL for module 'calculate_matrix' 
INFO: [HLS 200-10] ----------------------------------------------------------------
INFO: [RTGEN 206-500] Setting interface mode on port 'calculate_matrix/a' to 'ap_memory'.
INFO: [RTGEN 206-500] Setting interface mode on port 'calculate_matrix/b' to 'ap_memory'.
INFO: [RTGEN 206-500] Setting interface mode on port 'calculate_matrix/c' to 'ap_memory'.
INFO: [RTGEN 206-500] Setting interface mode on port 'calculate_matrix/result' to 'ap_memory'.
INFO: [RTGEN 206-500] Setting interface mode on function 'calculate_matrix' to 'ap_ctrl_hs'.
INFO: [RTGEN 206-100] Generating core module 'mac_muladd_8ns_8ns_16ns_16_4_1': 4 instance(s).
INFO: [RTGEN 206-100] Generating core module 'mul_8ns_8ns_16_1_1': 4 instance(s).
INFO: [RTGEN 206-100] Finished creating RTL model for 'calculate_matrix'.
INFO: [HLS 200-111] Finished Creating RTL model: CPU user time: 0.02 seconds. CPU system time: 0 seconds. Elapsed time: 0.03 seconds; current allocated memory: 282.070 MB.
INFO: [HLS 200-111] Finished Generating all RTL models: CPU user time: 0.19 seconds. CPU system time: 0.02 seconds. Elapsed time: 0.21 seconds; current allocated memory: 282.070 MB.
INFO: [HLS 200-111] Finished Updating report files: CPU user time: 0.27 seconds. CPU system time: 0.03 seconds. Elapsed time: 0.29 seconds; current allocated memory: 288.875 MB.
INFO: [VHDL 208-304] Generating VHDL RTL for calculate_matrix.
INFO: [VLOG 209-307] Generating Verilog RTL for calculate_matrix.
INFO: [HLS 200-789] **** Estimated Fmax: 120.90 MHz
INFO: [HLS 200-111] Finished Command csynth_design CPU user time: 3.05 seconds. CPU system time: 0.83 seconds. Elapsed time: 8.63 seconds; current allocated memory: 30.910 MB.
