

================================================================
== Vitis HLS Report for 'calculate_matrix'
================================================================
* Date:           Mon Aug 26 02:47:46 2024

* Version:        2023.2.2 (Build 4101106 on Feb  9 2024)
* Project:        HLS
* Solution:       Unroll_and_Array_Partition (Vivado IP Flow Target)
* Product family: artix7l
* Target device:  xc7a75tl-ftg256-2L


================================================================
== Performance Estimates
================================================================
+ Timing: 
    * Summary: 
    +--------+----------+----------+------------+
    |  Clock |  Target  | Estimated| Uncertainty|
    +--------+----------+----------+------------+
    |ap_clk  |  20.00 ns|  6.516 ns|     5.40 ns|
    +--------+----------+----------+------------+

+ Latency: 
    * Summary: 
    +---------+---------+-----------+-----------+-----+-----+---------+
    |  Latency (cycles) |   Latency (absolute)  |  Interval | Pipeline|
    |   min   |   max   |    min    |    max    | min | max |   Type  |
    +---------+---------+-----------+-----------+-----+-----+---------+
    |        3|        3|  60.000 ns|  60.000 ns|    4|    4|       no|
    +---------+---------+-----------+-----------+-----+-----+---------+

    + Detail: 
        * Instance: 
        N/A

        * Loop: 
        N/A

============================================================
+ Verbose Summary: Synthesis Manager
============================================================
InlineROM: 1
ExposeGlobal: 0
============================================================
+ Verbose Summary: CDFG Model
============================================================
IsTopModel: 1
ResetActiveHigh: 1
IsCombinational: 0
IsDatapathOnly: 0
HasWiredReturn: 1
HasMFsm: 0
HasVarLatency: 1
IsPipeline: 0
IsRtlPipelined: 0
IsInstanceOverlapped: 0
IsDontTouch: 0
HasImplIP: 0
IsGatedGlobalClock: 0


============================================================
+ Verbose Summary: Schedule
============================================================
* Number of FSM states : 4
* Pipeline : 0
* Dataflow Pipeline: 0

* FSM state transitions: 
1 --> 2 
2 --> 3 
3 --> 4 
4 --> 

* FSM state operations: 

State 1 <SV = 0> <Delay = 3.63>
ST_1 : Operation 5 [1/1] (0.00ns)   --->   "%a_0_0_read = read i8 @_ssdm_op_Read.ap_auto.i8P0A, i8 %a_0_0" [HLS_src/matrix_operations.cpp:18]   --->   Operation 5 'read' 'a_0_0_read' <Predicate = true> <Delay = 0.00>
ST_1 : Operation 6 [1/1] (0.00ns)   --->   "%b_0_0_read = read i8 @_ssdm_op_Read.ap_auto.i8P0A, i8 %b_0_0" [HLS_src/matrix_operations.cpp:18]   --->   Operation 6 'read' 'b_0_0_read' <Predicate = true> <Delay = 0.00>
ST_1 : Operation 7 [1/1] (0.00ns)   --->   "%zext_ln18 = zext i8 %a_0_0_read" [HLS_src/matrix_operations.cpp:18]   --->   Operation 7 'zext' 'zext_ln18' <Predicate = true> <Delay = 0.00>
ST_1 : Operation 8 [1/1] (0.00ns)   --->   "%zext_ln18_1 = zext i8 %b_0_0_read" [HLS_src/matrix_operations.cpp:18]   --->   Operation 8 'zext' 'zext_ln18_1' <Predicate = true> <Delay = 0.00>
ST_1 : Operation 9 [1/1] (3.63ns)   --->   "%intermediate = mul i16 %zext_ln18_1, i16 %zext_ln18" [HLS_src/matrix_operations.cpp:18]   --->   Operation 9 'mul' 'intermediate' <Predicate = true> <Delay = 3.63> <CoreInst = "Multiplier">   --->   Core 3 'Multiplier' <Latency = 0> <II = 1> <Delay = 3.63> <FuncUnit> <Opcode : 'mul'> <InPorts = 2> <OutPorts = 1>
ST_1 : Operation 10 [1/1] (0.00ns)   --->   "%a_0_1_read = read i8 @_ssdm_op_Read.ap_auto.i8P0A, i8 %a_0_1" [HLS_src/matrix_operations.cpp:18]   --->   Operation 10 'read' 'a_0_1_read' <Predicate = true> <Delay = 0.00>
ST_1 : Operation 11 [1/1] (0.00ns)   --->   "%b_1_0_read = read i8 @_ssdm_op_Read.ap_auto.i8P0A, i8 %b_1_0" [HLS_src/matrix_operations.cpp:18]   --->   Operation 11 'read' 'b_1_0_read' <Predicate = true> <Delay = 0.00>
ST_1 : Operation 12 [1/1] (0.00ns)   --->   "%zext_ln18_2 = zext i8 %a_0_1_read" [HLS_src/matrix_operations.cpp:18]   --->   Operation 12 'zext' 'zext_ln18_2' <Predicate = true> <Delay = 0.00>
ST_1 : Operation 13 [1/1] (0.00ns)   --->   "%zext_ln18_3 = zext i8 %b_1_0_read" [HLS_src/matrix_operations.cpp:18]   --->   Operation 13 'zext' 'zext_ln18_3' <Predicate = true> <Delay = 0.00>
ST_1 : Operation 14 [3/3] (1.38ns) (grouped into DSP with root node add_ln20)   --->   "%mul_ln18 = mul i16 %zext_ln18_3, i16 %zext_ln18_2" [HLS_src/matrix_operations.cpp:18]   --->   Operation 14 'mul' 'mul_ln18' <Predicate = true> <Delay = 1.38> <CoreInst = "DSP48">   --->   Core 119 'DSP48' <Latency = 3> <II = 1> <Delay = 1.82> <IPBlock> <Opcode : '' 'add' 'sub' 'mul' 'select'> <InPorts = 0> <OutPorts = 1> <Sync> <CReg>
ST_1 : Operation 15 [1/1] (0.00ns)   --->   "%b_0_1_read = read i8 @_ssdm_op_Read.ap_auto.i8P0A, i8 %b_0_1" [HLS_src/matrix_operations.cpp:18]   --->   Operation 15 'read' 'b_0_1_read' <Predicate = true> <Delay = 0.00>
ST_1 : Operation 16 [1/1] (0.00ns)   --->   "%zext_ln18_4 = zext i8 %b_0_1_read" [HLS_src/matrix_operations.cpp:18]   --->   Operation 16 'zext' 'zext_ln18_4' <Predicate = true> <Delay = 0.00>
ST_1 : Operation 17 [3/3] (1.38ns) (grouped into DSP with root node add_ln20_2)   --->   "%intermediate_8 = mul i16 %zext_ln18_4, i16 %zext_ln18" [HLS_src/matrix_operations.cpp:18]   --->   Operation 17 'mul' 'intermediate_8' <Predicate = true> <Delay = 1.38> <CoreInst = "DSP48">   --->   Core 119 'DSP48' <Latency = 3> <II = 1> <Delay = 1.82> <IPBlock> <Opcode : '' 'add' 'sub' 'mul' 'select'> <InPorts = 0> <OutPorts = 1> <Sync> <CReg>
ST_1 : Operation 18 [1/1] (0.00ns)   --->   "%a_1_0_read = read i8 @_ssdm_op_Read.ap_auto.i8P0A, i8 %a_1_0" [HLS_src/matrix_operations.cpp:18]   --->   Operation 18 'read' 'a_1_0_read' <Predicate = true> <Delay = 0.00>
ST_1 : Operation 19 [1/1] (0.00ns)   --->   "%zext_ln18_6 = zext i8 %a_1_0_read" [HLS_src/matrix_operations.cpp:18]   --->   Operation 19 'zext' 'zext_ln18_6' <Predicate = true> <Delay = 0.00>
ST_1 : Operation 20 [3/3] (1.38ns) (grouped into DSP with root node add_ln20_4)   --->   "%intermediate_10 = mul i16 %zext_ln18_6, i16 %zext_ln18_1" [HLS_src/matrix_operations.cpp:18]   --->   Operation 20 'mul' 'intermediate_10' <Predicate = true> <Delay = 1.38> <CoreInst = "DSP48">   --->   Core 119 'DSP48' <Latency = 3> <II = 1> <Delay = 1.82> <IPBlock> <Opcode : '' 'add' 'sub' 'mul' 'select'> <InPorts = 0> <OutPorts = 1> <Sync> <CReg>
ST_1 : Operation 21 [3/3] (1.38ns) (grouped into DSP with root node add_ln20_6)   --->   "%intermediate_6 = mul i16 %zext_ln18_6, i16 %zext_ln18_4" [HLS_src/matrix_operations.cpp:18]   --->   Operation 21 'mul' 'intermediate_6' <Predicate = true> <Delay = 1.38> <CoreInst = "DSP48">   --->   Core 119 'DSP48' <Latency = 3> <II = 1> <Delay = 1.82> <IPBlock> <Opcode : '' 'add' 'sub' 'mul' 'select'> <InPorts = 0> <OutPorts = 1> <Sync> <CReg>

State 2 <SV = 1> <Delay = 1.38>
ST_2 : Operation 22 [2/3] (1.38ns) (grouped into DSP with root node add_ln20)   --->   "%mul_ln18 = mul i16 %zext_ln18_3, i16 %zext_ln18_2" [HLS_src/matrix_operations.cpp:18]   --->   Operation 22 'mul' 'mul_ln18' <Predicate = true> <Delay = 1.38> <CoreInst = "DSP48">   --->   Core 119 'DSP48' <Latency = 3> <II = 1> <Delay = 1.82> <IPBlock> <Opcode : '' 'add' 'sub' 'mul' 'select'> <InPorts = 0> <OutPorts = 1> <Sync> <CReg>
ST_2 : Operation 23 [2/3] (1.38ns) (grouped into DSP with root node add_ln20_2)   --->   "%intermediate_8 = mul i16 %zext_ln18_4, i16 %zext_ln18" [HLS_src/matrix_operations.cpp:18]   --->   Operation 23 'mul' 'intermediate_8' <Predicate = true> <Delay = 1.38> <CoreInst = "DSP48">   --->   Core 119 'DSP48' <Latency = 3> <II = 1> <Delay = 1.82> <IPBlock> <Opcode : '' 'add' 'sub' 'mul' 'select'> <InPorts = 0> <OutPorts = 1> <Sync> <CReg>
ST_2 : Operation 24 [2/3] (1.38ns) (grouped into DSP with root node add_ln20_4)   --->   "%intermediate_10 = mul i16 %zext_ln18_6, i16 %zext_ln18_1" [HLS_src/matrix_operations.cpp:18]   --->   Operation 24 'mul' 'intermediate_10' <Predicate = true> <Delay = 1.38> <CoreInst = "DSP48">   --->   Core 119 'DSP48' <Latency = 3> <II = 1> <Delay = 1.82> <IPBlock> <Opcode : '' 'add' 'sub' 'mul' 'select'> <InPorts = 0> <OutPorts = 1> <Sync> <CReg>
ST_2 : Operation 25 [2/3] (1.38ns) (grouped into DSP with root node add_ln20_6)   --->   "%intermediate_6 = mul i16 %zext_ln18_6, i16 %zext_ln18_4" [HLS_src/matrix_operations.cpp:18]   --->   Operation 25 'mul' 'intermediate_6' <Predicate = true> <Delay = 1.38> <CoreInst = "DSP48">   --->   Core 119 'DSP48' <Latency = 3> <II = 1> <Delay = 1.82> <IPBlock> <Opcode : '' 'add' 'sub' 'mul' 'select'> <InPorts = 0> <OutPorts = 1> <Sync> <CReg>

State 3 <SV = 2> <Delay = 5.39>
ST_3 : Operation 26 [1/3] (0.00ns) (grouped into DSP with root node add_ln20)   --->   "%mul_ln18 = mul i16 %zext_ln18_3, i16 %zext_ln18_2" [HLS_src/matrix_operations.cpp:18]   --->   Operation 26 'mul' 'mul_ln18' <Predicate = true> <Delay = 0.00> <CoreInst = "DSP48">   --->   Core 119 'DSP48' <Latency = 3> <II = 1> <Delay = 1.82> <IPBlock> <Opcode : '' 'add' 'sub' 'mul' 'select'> <InPorts = 0> <OutPorts = 1> <Sync> <CReg>
ST_3 : Operation 27 [2/2] (1.76ns) (root node of the DSP)   --->   "%add_ln20 = add i16 %intermediate, i16 %mul_ln18" [HLS_src/matrix_operations.cpp:20]   --->   Operation 27 'add' 'add_ln20' <Predicate = true> <Delay = 1.76> <CoreInst = "DSP48">   --->   Core 119 'DSP48' <Latency = 3> <II = 1> <Delay = 1.82> <IPBlock> <Opcode : '' 'add' 'sub' 'mul' 'select'> <InPorts = 0> <OutPorts = 1> <Sync> <CReg>
ST_3 : Operation 28 [1/3] (0.00ns) (grouped into DSP with root node add_ln20_2)   --->   "%intermediate_8 = mul i16 %zext_ln18_4, i16 %zext_ln18" [HLS_src/matrix_operations.cpp:18]   --->   Operation 28 'mul' 'intermediate_8' <Predicate = true> <Delay = 0.00> <CoreInst = "DSP48">   --->   Core 119 'DSP48' <Latency = 3> <II = 1> <Delay = 1.82> <IPBlock> <Opcode : '' 'add' 'sub' 'mul' 'select'> <InPorts = 0> <OutPorts = 1> <Sync> <CReg>
ST_3 : Operation 29 [1/1] (0.00ns)   --->   "%b_1_1_read = read i8 @_ssdm_op_Read.ap_auto.i8P0A, i8 %b_1_1" [HLS_src/matrix_operations.cpp:18]   --->   Operation 29 'read' 'b_1_1_read' <Predicate = true> <Delay = 0.00>
ST_3 : Operation 30 [1/1] (0.00ns)   --->   "%zext_ln18_5 = zext i8 %b_1_1_read" [HLS_src/matrix_operations.cpp:18]   --->   Operation 30 'zext' 'zext_ln18_5' <Predicate = true> <Delay = 0.00>
ST_3 : Operation 31 [1/1] (3.63ns)   --->   "%mul_ln18_2 = mul i16 %zext_ln18_5, i16 %zext_ln18_2" [HLS_src/matrix_operations.cpp:18]   --->   Operation 31 'mul' 'mul_ln18_2' <Predicate = true> <Delay = 3.63> <CoreInst = "Multiplier">   --->   Core 3 'Multiplier' <Latency = 0> <II = 1> <Delay = 3.63> <FuncUnit> <Opcode : 'mul'> <InPorts = 2> <OutPorts = 1>
ST_3 : Operation 32 [1/3] (0.00ns) (grouped into DSP with root node add_ln20_4)   --->   "%intermediate_10 = mul i16 %zext_ln18_6, i16 %zext_ln18_1" [HLS_src/matrix_operations.cpp:18]   --->   Operation 32 'mul' 'intermediate_10' <Predicate = true> <Delay = 0.00> <CoreInst = "DSP48">   --->   Core 119 'DSP48' <Latency = 3> <II = 1> <Delay = 1.82> <IPBlock> <Opcode : '' 'add' 'sub' 'mul' 'select'> <InPorts = 0> <OutPorts = 1> <Sync> <CReg>
ST_3 : Operation 33 [1/1] (0.00ns)   --->   "%a_1_1_read = read i8 @_ssdm_op_Read.ap_auto.i8P0A, i8 %a_1_1" [HLS_src/matrix_operations.cpp:18]   --->   Operation 33 'read' 'a_1_1_read' <Predicate = true> <Delay = 0.00>
ST_3 : Operation 34 [1/1] (0.00ns)   --->   "%zext_ln18_7 = zext i8 %a_1_1_read" [HLS_src/matrix_operations.cpp:18]   --->   Operation 34 'zext' 'zext_ln18_7' <Predicate = true> <Delay = 0.00>
ST_3 : Operation 35 [1/1] (3.63ns)   --->   "%mul_ln18_4 = mul i16 %zext_ln18_7, i16 %zext_ln18_3" [HLS_src/matrix_operations.cpp:18]   --->   Operation 35 'mul' 'mul_ln18_4' <Predicate = true> <Delay = 3.63> <CoreInst = "Multiplier">   --->   Core 3 'Multiplier' <Latency = 0> <II = 1> <Delay = 3.63> <FuncUnit> <Opcode : 'mul'> <InPorts = 2> <OutPorts = 1>
ST_3 : Operation 36 [1/3] (0.00ns) (grouped into DSP with root node add_ln20_6)   --->   "%intermediate_6 = mul i16 %zext_ln18_6, i16 %zext_ln18_4" [HLS_src/matrix_operations.cpp:18]   --->   Operation 36 'mul' 'intermediate_6' <Predicate = true> <Delay = 0.00> <CoreInst = "DSP48">   --->   Core 119 'DSP48' <Latency = 3> <II = 1> <Delay = 1.82> <IPBlock> <Opcode : '' 'add' 'sub' 'mul' 'select'> <InPorts = 0> <OutPorts = 1> <Sync> <CReg>
ST_3 : Operation 37 [1/1] (3.63ns)   --->   "%mul_ln18_6 = mul i16 %zext_ln18_7, i16 %zext_ln18_5" [HLS_src/matrix_operations.cpp:18]   --->   Operation 37 'mul' 'mul_ln18_6' <Predicate = true> <Delay = 3.63> <CoreInst = "Multiplier">   --->   Core 3 'Multiplier' <Latency = 0> <II = 1> <Delay = 3.63> <FuncUnit> <Opcode : 'mul'> <InPorts = 2> <OutPorts = 1>
ST_3 : Operation 38 [2/2] (1.76ns) (root node of the DSP)   --->   "%add_ln20_2 = add i16 %mul_ln18_2, i16 %intermediate_8" [HLS_src/matrix_operations.cpp:20]   --->   Operation 38 'add' 'add_ln20_2' <Predicate = true> <Delay = 1.76> <CoreInst = "DSP48">   --->   Core 119 'DSP48' <Latency = 3> <II = 1> <Delay = 1.82> <IPBlock> <Opcode : '' 'add' 'sub' 'mul' 'select'> <InPorts = 0> <OutPorts = 1> <Sync> <CReg>
ST_3 : Operation 39 [2/2] (1.76ns) (root node of the DSP)   --->   "%add_ln20_4 = add i16 %mul_ln18_4, i16 %intermediate_10" [HLS_src/matrix_operations.cpp:20]   --->   Operation 39 'add' 'add_ln20_4' <Predicate = true> <Delay = 1.76> <CoreInst = "DSP48">   --->   Core 119 'DSP48' <Latency = 3> <II = 1> <Delay = 1.82> <IPBlock> <Opcode : '' 'add' 'sub' 'mul' 'select'> <InPorts = 0> <OutPorts = 1> <Sync> <CReg>
ST_3 : Operation 40 [2/2] (1.76ns) (root node of the DSP)   --->   "%add_ln20_6 = add i16 %mul_ln18_6, i16 %intermediate_6" [HLS_src/matrix_operations.cpp:20]   --->   Operation 40 'add' 'add_ln20_6' <Predicate = true> <Delay = 1.76> <CoreInst = "DSP48">   --->   Core 119 'DSP48' <Latency = 3> <II = 1> <Delay = 1.82> <IPBlock> <Opcode : '' 'add' 'sub' 'mul' 'select'> <InPorts = 0> <OutPorts = 1> <Sync> <CReg>

State 4 <SV = 3> <Delay = 6.51>
ST_4 : Operation 41 [1/1] (0.00ns)   --->   "%spectopmodule_ln3 = spectopmodule void @_ssdm_op_SpecTopModule, void @empty_1" [HLS_src/matrix_operations.cpp:3]   --->   Operation 41 'spectopmodule' 'spectopmodule_ln3' <Predicate = true> <Delay = 0.00>
ST_4 : Operation 42 [1/1] (0.00ns)   --->   "%specbitsmap_ln0 = specbitsmap void @_ssdm_op_SpecBitsMap, i8 %a_0_0"   --->   Operation 42 'specbitsmap' 'specbitsmap_ln0' <Predicate = true> <Delay = 0.00>
ST_4 : Operation 43 [1/1] (0.00ns)   --->   "%specinterface_ln0 = specinterface void @_ssdm_op_SpecInterface, i8 %a_0_0, void @empty, i32 0, i32 0, void @empty_0, i32 0, i32 0, void @empty_0, void @empty_0, void @empty_0, i32 0, i32 0, i32 0, i32 0, void @empty_0, void @empty_0, i32 4294967295, i32 0"   --->   Operation 43 'specinterface' 'specinterface_ln0' <Predicate = true> <Delay = 0.00>
ST_4 : Operation 44 [1/1] (0.00ns)   --->   "%specbitsmap_ln0 = specbitsmap void @_ssdm_op_SpecBitsMap, i8 %a_0_1"   --->   Operation 44 'specbitsmap' 'specbitsmap_ln0' <Predicate = true> <Delay = 0.00>
ST_4 : Operation 45 [1/1] (0.00ns)   --->   "%specinterface_ln0 = specinterface void @_ssdm_op_SpecInterface, i8 %a_0_1, void @empty, i32 0, i32 0, void @empty_0, i32 0, i32 0, void @empty_0, void @empty_0, void @empty_0, i32 0, i32 0, i32 0, i32 0, void @empty_0, void @empty_0, i32 4294967295, i32 0"   --->   Operation 45 'specinterface' 'specinterface_ln0' <Predicate = true> <Delay = 0.00>
ST_4 : Operation 46 [1/1] (0.00ns)   --->   "%specbitsmap_ln0 = specbitsmap void @_ssdm_op_SpecBitsMap, i8 %a_1_0"   --->   Operation 46 'specbitsmap' 'specbitsmap_ln0' <Predicate = true> <Delay = 0.00>
ST_4 : Operation 47 [1/1] (0.00ns)   --->   "%specinterface_ln0 = specinterface void @_ssdm_op_SpecInterface, i8 %a_1_0, void @empty, i32 0, i32 0, void @empty_0, i32 0, i32 0, void @empty_0, void @empty_0, void @empty_0, i32 0, i32 0, i32 0, i32 0, void @empty_0, void @empty_0, i32 4294967295, i32 0"   --->   Operation 47 'specinterface' 'specinterface_ln0' <Predicate = true> <Delay = 0.00>
ST_4 : Operation 48 [1/1] (0.00ns)   --->   "%specbitsmap_ln0 = specbitsmap void @_ssdm_op_SpecBitsMap, i8 %a_1_1"   --->   Operation 48 'specbitsmap' 'specbitsmap_ln0' <Predicate = true> <Delay = 0.00>
ST_4 : Operation 49 [1/1] (0.00ns)   --->   "%specinterface_ln0 = specinterface void @_ssdm_op_SpecInterface, i8 %a_1_1, void @empty, i32 0, i32 0, void @empty_0, i32 0, i32 0, void @empty_0, void @empty_0, void @empty_0, i32 0, i32 0, i32 0, i32 0, void @empty_0, void @empty_0, i32 4294967295, i32 0"   --->   Operation 49 'specinterface' 'specinterface_ln0' <Predicate = true> <Delay = 0.00>
ST_4 : Operation 50 [1/1] (0.00ns)   --->   "%specbitsmap_ln0 = specbitsmap void @_ssdm_op_SpecBitsMap, i8 %b_0_0"   --->   Operation 50 'specbitsmap' 'specbitsmap_ln0' <Predicate = true> <Delay = 0.00>
ST_4 : Operation 51 [1/1] (0.00ns)   --->   "%specinterface_ln0 = specinterface void @_ssdm_op_SpecInterface, i8 %b_0_0, void @empty, i32 0, i32 0, void @empty_0, i32 0, i32 0, void @empty_0, void @empty_0, void @empty_0, i32 0, i32 0, i32 0, i32 0, void @empty_0, void @empty_0, i32 4294967295, i32 0"   --->   Operation 51 'specinterface' 'specinterface_ln0' <Predicate = true> <Delay = 0.00>
ST_4 : Operation 52 [1/1] (0.00ns)   --->   "%specbitsmap_ln0 = specbitsmap void @_ssdm_op_SpecBitsMap, i8 %b_0_1"   --->   Operation 52 'specbitsmap' 'specbitsmap_ln0' <Predicate = true> <Delay = 0.00>
ST_4 : Operation 53 [1/1] (0.00ns)   --->   "%specinterface_ln0 = specinterface void @_ssdm_op_SpecInterface, i8 %b_0_1, void @empty, i32 0, i32 0, void @empty_0, i32 0, i32 0, void @empty_0, void @empty_0, void @empty_0, i32 0, i32 0, i32 0, i32 0, void @empty_0, void @empty_0, i32 4294967295, i32 0"   --->   Operation 53 'specinterface' 'specinterface_ln0' <Predicate = true> <Delay = 0.00>
ST_4 : Operation 54 [1/1] (0.00ns)   --->   "%specbitsmap_ln0 = specbitsmap void @_ssdm_op_SpecBitsMap, i8 %b_1_0"   --->   Operation 54 'specbitsmap' 'specbitsmap_ln0' <Predicate = true> <Delay = 0.00>
ST_4 : Operation 55 [1/1] (0.00ns)   --->   "%specinterface_ln0 = specinterface void @_ssdm_op_SpecInterface, i8 %b_1_0, void @empty, i32 0, i32 0, void @empty_0, i32 0, i32 0, void @empty_0, void @empty_0, void @empty_0, i32 0, i32 0, i32 0, i32 0, void @empty_0, void @empty_0, i32 4294967295, i32 0"   --->   Operation 55 'specinterface' 'specinterface_ln0' <Predicate = true> <Delay = 0.00>
ST_4 : Operation 56 [1/1] (0.00ns)   --->   "%specbitsmap_ln0 = specbitsmap void @_ssdm_op_SpecBitsMap, i8 %b_1_1"   --->   Operation 56 'specbitsmap' 'specbitsmap_ln0' <Predicate = true> <Delay = 0.00>
ST_4 : Operation 57 [1/1] (0.00ns)   --->   "%specinterface_ln0 = specinterface void @_ssdm_op_SpecInterface, i8 %b_1_1, void @empty, i32 0, i32 0, void @empty_0, i32 0, i32 0, void @empty_0, void @empty_0, void @empty_0, i32 0, i32 0, i32 0, i32 0, void @empty_0, void @empty_0, i32 4294967295, i32 0"   --->   Operation 57 'specinterface' 'specinterface_ln0' <Predicate = true> <Delay = 0.00>
ST_4 : Operation 58 [1/1] (0.00ns)   --->   "%specbitsmap_ln0 = specbitsmap void @_ssdm_op_SpecBitsMap, i16 %c_0_0"   --->   Operation 58 'specbitsmap' 'specbitsmap_ln0' <Predicate = true> <Delay = 0.00>
ST_4 : Operation 59 [1/1] (0.00ns)   --->   "%specinterface_ln0 = specinterface void @_ssdm_op_SpecInterface, i16 %c_0_0, void @empty, i32 0, i32 0, void @empty_0, i32 0, i32 0, void @empty_0, void @empty_0, void @empty_0, i32 0, i32 0, i32 0, i32 0, void @empty_0, void @empty_0, i32 4294967295, i32 0"   --->   Operation 59 'specinterface' 'specinterface_ln0' <Predicate = true> <Delay = 0.00>
ST_4 : Operation 60 [1/1] (0.00ns)   --->   "%specbitsmap_ln0 = specbitsmap void @_ssdm_op_SpecBitsMap, i16 %c_0_1"   --->   Operation 60 'specbitsmap' 'specbitsmap_ln0' <Predicate = true> <Delay = 0.00>
ST_4 : Operation 61 [1/1] (0.00ns)   --->   "%specinterface_ln0 = specinterface void @_ssdm_op_SpecInterface, i16 %c_0_1, void @empty, i32 0, i32 0, void @empty_0, i32 0, i32 0, void @empty_0, void @empty_0, void @empty_0, i32 0, i32 0, i32 0, i32 0, void @empty_0, void @empty_0, i32 4294967295, i32 0"   --->   Operation 61 'specinterface' 'specinterface_ln0' <Predicate = true> <Delay = 0.00>
ST_4 : Operation 62 [1/1] (0.00ns)   --->   "%specbitsmap_ln0 = specbitsmap void @_ssdm_op_SpecBitsMap, i16 %c_1_0"   --->   Operation 62 'specbitsmap' 'specbitsmap_ln0' <Predicate = true> <Delay = 0.00>
ST_4 : Operation 63 [1/1] (0.00ns)   --->   "%specinterface_ln0 = specinterface void @_ssdm_op_SpecInterface, i16 %c_1_0, void @empty, i32 0, i32 0, void @empty_0, i32 0, i32 0, void @empty_0, void @empty_0, void @empty_0, i32 0, i32 0, i32 0, i32 0, void @empty_0, void @empty_0, i32 4294967295, i32 0"   --->   Operation 63 'specinterface' 'specinterface_ln0' <Predicate = true> <Delay = 0.00>
ST_4 : Operation 64 [1/1] (0.00ns)   --->   "%specbitsmap_ln0 = specbitsmap void @_ssdm_op_SpecBitsMap, i16 %c_1_1"   --->   Operation 64 'specbitsmap' 'specbitsmap_ln0' <Predicate = true> <Delay = 0.00>
ST_4 : Operation 65 [1/1] (0.00ns)   --->   "%specinterface_ln0 = specinterface void @_ssdm_op_SpecInterface, i16 %c_1_1, void @empty, i32 0, i32 0, void @empty_0, i32 0, i32 0, void @empty_0, void @empty_0, void @empty_0, i32 0, i32 0, i32 0, i32 0, void @empty_0, void @empty_0, i32 4294967295, i32 0"   --->   Operation 65 'specinterface' 'specinterface_ln0' <Predicate = true> <Delay = 0.00>
ST_4 : Operation 66 [1/1] (0.00ns)   --->   "%specbitsmap_ln0 = specbitsmap void @_ssdm_op_SpecBitsMap, i8 %result_0_0"   --->   Operation 66 'specbitsmap' 'specbitsmap_ln0' <Predicate = true> <Delay = 0.00>
ST_4 : Operation 67 [1/1] (0.00ns)   --->   "%specinterface_ln0 = specinterface void @_ssdm_op_SpecInterface, i8 %result_0_0, void @empty, i32 0, i32 0, void @empty_0, i32 0, i32 0, void @empty_0, void @empty_0, void @empty_0, i32 0, i32 0, i32 0, i32 0, void @empty_0, void @empty_0, i32 4294967295, i32 0"   --->   Operation 67 'specinterface' 'specinterface_ln0' <Predicate = true> <Delay = 0.00>
ST_4 : Operation 68 [1/1] (0.00ns)   --->   "%specbitsmap_ln0 = specbitsmap void @_ssdm_op_SpecBitsMap, i8 %result_0_1"   --->   Operation 68 'specbitsmap' 'specbitsmap_ln0' <Predicate = true> <Delay = 0.00>
ST_4 : Operation 69 [1/1] (0.00ns)   --->   "%specinterface_ln0 = specinterface void @_ssdm_op_SpecInterface, i8 %result_0_1, void @empty, i32 0, i32 0, void @empty_0, i32 0, i32 0, void @empty_0, void @empty_0, void @empty_0, i32 0, i32 0, i32 0, i32 0, void @empty_0, void @empty_0, i32 4294967295, i32 0"   --->   Operation 69 'specinterface' 'specinterface_ln0' <Predicate = true> <Delay = 0.00>
ST_4 : Operation 70 [1/1] (0.00ns)   --->   "%specbitsmap_ln0 = specbitsmap void @_ssdm_op_SpecBitsMap, i8 %result_1_0"   --->   Operation 70 'specbitsmap' 'specbitsmap_ln0' <Predicate = true> <Delay = 0.00>
ST_4 : Operation 71 [1/1] (0.00ns)   --->   "%specinterface_ln0 = specinterface void @_ssdm_op_SpecInterface, i8 %result_1_0, void @empty, i32 0, i32 0, void @empty_0, i32 0, i32 0, void @empty_0, void @empty_0, void @empty_0, i32 0, i32 0, i32 0, i32 0, void @empty_0, void @empty_0, i32 4294967295, i32 0"   --->   Operation 71 'specinterface' 'specinterface_ln0' <Predicate = true> <Delay = 0.00>
ST_4 : Operation 72 [1/1] (0.00ns)   --->   "%specbitsmap_ln0 = specbitsmap void @_ssdm_op_SpecBitsMap, i8 %result_1_1"   --->   Operation 72 'specbitsmap' 'specbitsmap_ln0' <Predicate = true> <Delay = 0.00>
ST_4 : Operation 73 [1/1] (0.00ns)   --->   "%specinterface_ln0 = specinterface void @_ssdm_op_SpecInterface, i8 %result_1_1, void @empty, i32 0, i32 0, void @empty_0, i32 0, i32 0, void @empty_0, void @empty_0, void @empty_0, i32 0, i32 0, i32 0, i32 0, void @empty_0, void @empty_0, i32 4294967295, i32 0"   --->   Operation 73 'specinterface' 'specinterface_ln0' <Predicate = true> <Delay = 0.00>
ST_4 : Operation 74 [1/1] (0.00ns)   --->   "%c_0_0_read = read i16 @_ssdm_op_Read.ap_auto.i16P0A, i16 %c_0_0" [HLS_src/matrix_operations.cpp:20]   --->   Operation 74 'read' 'c_0_0_read' <Predicate = true> <Delay = 0.00>
ST_4 : Operation 75 [1/2] (1.76ns) (root node of the DSP)   --->   "%add_ln20 = add i16 %intermediate, i16 %mul_ln18" [HLS_src/matrix_operations.cpp:20]   --->   Operation 75 'add' 'add_ln20' <Predicate = true> <Delay = 1.76> <CoreInst = "DSP48">   --->   Core 119 'DSP48' <Latency = 3> <II = 1> <Delay = 1.82> <IPBlock> <Opcode : '' 'add' 'sub' 'mul' 'select'> <InPorts = 0> <OutPorts = 1> <Sync> <CReg>
ST_4 : Operation 76 [1/1] (1.84ns)   --->   "%intermediate_1 = add i16 %add_ln20, i16 %c_0_0_read" [HLS_src/matrix_operations.cpp:20]   --->   Operation 76 'add' 'intermediate_1' <Predicate = true> <Delay = 1.84> <CoreInst = "Adder">   --->   Core 1 'Adder' <Latency = 0> <II = 1> <Delay = 1.84> <FuncUnit> <Opcode : 'add' 'sub'> <InPorts = 2> <OutPorts = 1>
ST_4 : Operation 77 [1/1] (1.84ns)   --->   "%icmp_ln22 = icmp_ugt  i16 %intermediate_1, i16 128" [HLS_src/matrix_operations.cpp:22]   --->   Operation 77 'icmp' 'icmp_ln22' <Predicate = true> <Delay = 1.84> <CoreInst = "Cmp">   --->   Core 9 'Cmp' <Latency = 0> <II = 1> <Delay = 1.84> <FuncUnit> <Opcode : 'icmp'> <InPorts = 2> <OutPorts = 1>
ST_4 : Operation 78 [1/1] (0.00ns)   --->   "%trunc_ln25 = trunc i16 %intermediate_1" [HLS_src/matrix_operations.cpp:25]   --->   Operation 78 'trunc' 'trunc_ln25' <Predicate = true> <Delay = 0.00>
ST_4 : Operation 79 [1/1] (1.07ns)   --->   "%select_ln25 = select i1 %icmp_ln22, i8 128, i8 %trunc_ln25" [HLS_src/matrix_operations.cpp:25]   --->   Operation 79 'select' 'select_ln25' <Predicate = true> <Delay = 1.07> <CoreInst = "Sel">   --->   Core 73 'Sel' <Latency = 0> <II = 1> <Delay = 1.07> <FuncUnit> <Opcode : 'select'> <InPorts = 3> <OutPorts = 1>
ST_4 : Operation 80 [1/1] (0.00ns)   --->   "%c_0_1_read = read i16 @_ssdm_op_Read.ap_auto.i16P0A, i16 %c_0_1" [HLS_src/matrix_operations.cpp:20]   --->   Operation 80 'read' 'c_0_1_read' <Predicate = true> <Delay = 0.00>
ST_4 : Operation 81 [1/2] (1.76ns) (root node of the DSP)   --->   "%add_ln20_2 = add i16 %mul_ln18_2, i16 %intermediate_8" [HLS_src/matrix_operations.cpp:20]   --->   Operation 81 'add' 'add_ln20_2' <Predicate = true> <Delay = 1.76> <CoreInst = "DSP48">   --->   Core 119 'DSP48' <Latency = 3> <II = 1> <Delay = 1.82> <IPBlock> <Opcode : '' 'add' 'sub' 'mul' 'select'> <InPorts = 0> <OutPorts = 1> <Sync> <CReg>
ST_4 : Operation 82 [1/1] (1.84ns)   --->   "%intermediate_9 = add i16 %add_ln20_2, i16 %c_0_1_read" [HLS_src/matrix_operations.cpp:20]   --->   Operation 82 'add' 'intermediate_9' <Predicate = true> <Delay = 1.84> <CoreInst = "Adder">   --->   Core 1 'Adder' <Latency = 0> <II = 1> <Delay = 1.84> <FuncUnit> <Opcode : 'add' 'sub'> <InPorts = 2> <OutPorts = 1>
ST_4 : Operation 83 [1/1] (1.84ns)   --->   "%icmp_ln22_1 = icmp_ugt  i16 %intermediate_9, i16 128" [HLS_src/matrix_operations.cpp:22]   --->   Operation 83 'icmp' 'icmp_ln22_1' <Predicate = true> <Delay = 1.84> <CoreInst = "Cmp">   --->   Core 9 'Cmp' <Latency = 0> <II = 1> <Delay = 1.84> <FuncUnit> <Opcode : 'icmp'> <InPorts = 2> <OutPorts = 1>
ST_4 : Operation 84 [1/1] (0.00ns)   --->   "%trunc_ln25_1 = trunc i16 %intermediate_9" [HLS_src/matrix_operations.cpp:25]   --->   Operation 84 'trunc' 'trunc_ln25_1' <Predicate = true> <Delay = 0.00>
ST_4 : Operation 85 [1/1] (1.07ns)   --->   "%select_ln25_1 = select i1 %icmp_ln22_1, i8 128, i8 %trunc_ln25_1" [HLS_src/matrix_operations.cpp:25]   --->   Operation 85 'select' 'select_ln25_1' <Predicate = true> <Delay = 1.07> <CoreInst = "Sel">   --->   Core 73 'Sel' <Latency = 0> <II = 1> <Delay = 1.07> <FuncUnit> <Opcode : 'select'> <InPorts = 3> <OutPorts = 1>
ST_4 : Operation 86 [1/1] (0.00ns)   --->   "%c_1_0_read = read i16 @_ssdm_op_Read.ap_auto.i16P0A, i16 %c_1_0" [HLS_src/matrix_operations.cpp:20]   --->   Operation 86 'read' 'c_1_0_read' <Predicate = true> <Delay = 0.00>
ST_4 : Operation 87 [1/2] (1.76ns) (root node of the DSP)   --->   "%add_ln20_4 = add i16 %mul_ln18_4, i16 %intermediate_10" [HLS_src/matrix_operations.cpp:20]   --->   Operation 87 'add' 'add_ln20_4' <Predicate = true> <Delay = 1.76> <CoreInst = "DSP48">   --->   Core 119 'DSP48' <Latency = 3> <II = 1> <Delay = 1.82> <IPBlock> <Opcode : '' 'add' 'sub' 'mul' 'select'> <InPorts = 0> <OutPorts = 1> <Sync> <CReg>
ST_4 : Operation 88 [1/1] (1.84ns)   --->   "%intermediate_11 = add i16 %add_ln20_4, i16 %c_1_0_read" [HLS_src/matrix_operations.cpp:20]   --->   Operation 88 'add' 'intermediate_11' <Predicate = true> <Delay = 1.84> <CoreInst = "Adder">   --->   Core 1 'Adder' <Latency = 0> <II = 1> <Delay = 1.84> <FuncUnit> <Opcode : 'add' 'sub'> <InPorts = 2> <OutPorts = 1>
ST_4 : Operation 89 [1/1] (1.84ns)   --->   "%icmp_ln22_2 = icmp_ugt  i16 %intermediate_11, i16 128" [HLS_src/matrix_operations.cpp:22]   --->   Operation 89 'icmp' 'icmp_ln22_2' <Predicate = true> <Delay = 1.84> <CoreInst = "Cmp">   --->   Core 9 'Cmp' <Latency = 0> <II = 1> <Delay = 1.84> <FuncUnit> <Opcode : 'icmp'> <InPorts = 2> <OutPorts = 1>
ST_4 : Operation 90 [1/1] (0.00ns)   --->   "%trunc_ln25_2 = trunc i16 %intermediate_11" [HLS_src/matrix_operations.cpp:25]   --->   Operation 90 'trunc' 'trunc_ln25_2' <Predicate = true> <Delay = 0.00>
ST_4 : Operation 91 [1/1] (1.07ns)   --->   "%select_ln25_2 = select i1 %icmp_ln22_2, i8 128, i8 %trunc_ln25_2" [HLS_src/matrix_operations.cpp:25]   --->   Operation 91 'select' 'select_ln25_2' <Predicate = true> <Delay = 1.07> <CoreInst = "Sel">   --->   Core 73 'Sel' <Latency = 0> <II = 1> <Delay = 1.07> <FuncUnit> <Opcode : 'select'> <InPorts = 3> <OutPorts = 1>
ST_4 : Operation 92 [1/1] (0.00ns)   --->   "%c_1_1_read = read i16 @_ssdm_op_Read.ap_auto.i16P0A, i16 %c_1_1" [HLS_src/matrix_operations.cpp:20]   --->   Operation 92 'read' 'c_1_1_read' <Predicate = true> <Delay = 0.00>
ST_4 : Operation 93 [1/2] (1.76ns) (root node of the DSP)   --->   "%add_ln20_6 = add i16 %mul_ln18_6, i16 %intermediate_6" [HLS_src/matrix_operations.cpp:20]   --->   Operation 93 'add' 'add_ln20_6' <Predicate = true> <Delay = 1.76> <CoreInst = "DSP48">   --->   Core 119 'DSP48' <Latency = 3> <II = 1> <Delay = 1.82> <IPBlock> <Opcode : '' 'add' 'sub' 'mul' 'select'> <InPorts = 0> <OutPorts = 1> <Sync> <CReg>
ST_4 : Operation 94 [1/1] (1.84ns)   --->   "%intermediate_7 = add i16 %add_ln20_6, i16 %c_1_1_read" [HLS_src/matrix_operations.cpp:20]   --->   Operation 94 'add' 'intermediate_7' <Predicate = true> <Delay = 1.84> <CoreInst = "Adder">   --->   Core 1 'Adder' <Latency = 0> <II = 1> <Delay = 1.84> <FuncUnit> <Opcode : 'add' 'sub'> <InPorts = 2> <OutPorts = 1>
ST_4 : Operation 95 [1/1] (1.84ns)   --->   "%icmp_ln22_3 = icmp_ugt  i16 %intermediate_7, i16 128" [HLS_src/matrix_operations.cpp:22]   --->   Operation 95 'icmp' 'icmp_ln22_3' <Predicate = true> <Delay = 1.84> <CoreInst = "Cmp">   --->   Core 9 'Cmp' <Latency = 0> <II = 1> <Delay = 1.84> <FuncUnit> <Opcode : 'icmp'> <InPorts = 2> <OutPorts = 1>
ST_4 : Operation 96 [1/1] (0.00ns)   --->   "%trunc_ln25_3 = trunc i16 %intermediate_7" [HLS_src/matrix_operations.cpp:25]   --->   Operation 96 'trunc' 'trunc_ln25_3' <Predicate = true> <Delay = 0.00>
ST_4 : Operation 97 [1/1] (1.07ns)   --->   "%select_ln25_3 = select i1 %icmp_ln22_3, i8 128, i8 %trunc_ln25_3" [HLS_src/matrix_operations.cpp:25]   --->   Operation 97 'select' 'select_ln25_3' <Predicate = true> <Delay = 1.07> <CoreInst = "Sel">   --->   Core 73 'Sel' <Latency = 0> <II = 1> <Delay = 1.07> <FuncUnit> <Opcode : 'select'> <InPorts = 3> <OutPorts = 1>
ST_4 : Operation 98 [1/1] (0.00ns)   --->   "%write_ln25 = write void @_ssdm_op_Write.ap_auto.i8P0A, i8 %result_0_0, i8 %select_ln25" [HLS_src/matrix_operations.cpp:25]   --->   Operation 98 'write' 'write_ln25' <Predicate = true> <Delay = 0.00>
ST_4 : Operation 99 [1/1] (0.00ns)   --->   "%write_ln25 = write void @_ssdm_op_Write.ap_auto.i8P0A, i8 %result_0_1, i8 %select_ln25_1" [HLS_src/matrix_operations.cpp:25]   --->   Operation 99 'write' 'write_ln25' <Predicate = true> <Delay = 0.00>
ST_4 : Operation 100 [1/1] (0.00ns)   --->   "%write_ln25 = write void @_ssdm_op_Write.ap_auto.i8P0A, i8 %result_1_0, i8 %select_ln25_2" [HLS_src/matrix_operations.cpp:25]   --->   Operation 100 'write' 'write_ln25' <Predicate = true> <Delay = 0.00>
ST_4 : Operation 101 [1/1] (0.00ns)   --->   "%write_ln25 = write void @_ssdm_op_Write.ap_auto.i8P0A, i8 %result_1_1, i8 %select_ln25_3" [HLS_src/matrix_operations.cpp:25]   --->   Operation 101 'write' 'write_ln25' <Predicate = true> <Delay = 0.00>
ST_4 : Operation 102 [1/1] (0.00ns)   --->   "%ret_ln28 = ret" [HLS_src/matrix_operations.cpp:28]   --->   Operation 102 'ret' 'ret_ln28' <Predicate = true> <Delay = 0.00>


============================================================
+ Verbose Summary: Timing violations
============================================================
Target clock period: 20.000ns, clock uncertainty: 5.400ns.

 <State 1>: 3.630ns
The critical path consists of the following:
	wire read operation ('a_0_0_read', HLS_src/matrix_operations.cpp:18) on port 'a_0_0' (HLS_src/matrix_operations.cpp:18) [50]  (0.000 ns)
	'mul' operation 16 bit ('intermediate', HLS_src/matrix_operations.cpp:18) [54]  (3.630 ns)

 <State 2>: 1.380ns
The critical path consists of the following:
	'mul' operation 16 bit of DSP[61] ('mul_ln18', HLS_src/matrix_operations.cpp:18) [59]  (1.380 ns)

 <State 3>: 5.390ns
The critical path consists of the following:
	wire read operation ('b_1_1_read', HLS_src/matrix_operations.cpp:18) on port 'b_1_1' (HLS_src/matrix_operations.cpp:18) [69]  (0.000 ns)
	'mul' operation 16 bit ('mul_ln18_2', HLS_src/matrix_operations.cpp:18) [71]  (3.630 ns)
	'add' operation 16 bit of DSP[81] ('add_ln20_2', HLS_src/matrix_operations.cpp:20) [81]  (1.760 ns)

 <State 4>: 6.516ns
The critical path consists of the following:
	'add' operation 16 bit of DSP[61] ('add_ln20', HLS_src/matrix_operations.cpp:20) [61]  (1.760 ns)
	'add' operation 16 bit ('intermediate', HLS_src/matrix_operations.cpp:20) [62]  (1.840 ns)
	'icmp' operation 1 bit ('icmp_ln22', HLS_src/matrix_operations.cpp:22) [63]  (1.840 ns)
	'select' operation 8 bit ('select_ln25', HLS_src/matrix_operations.cpp:25) [65]  (1.076 ns)


============================================================
+ Verbose Summary: Binding
============================================================
N/A
* FSMD analyzer results:
  - Output states:
 - Input state : 
  - Chain level:
	State 1
	State 2
	State 3
	State 4


============================================================
+ Verbose Summary: Datapath Resource usage 
============================================================
N/A
